2026-03-07 12:46:56 - INFO - 正在加载参数配置...
2026-03-07 12:46:56 - INFO - 开始并行处理 16 个文件 (使用 16 个进程)...
2026-03-07 12:46:57 - ERROR - 处理文件 锅炉2号机组-60秒2025年02月-online.xlsx 时出错: name 'clean_dataframe' is not defined
2026-03-07 12:46:57 - ERROR - 处理文件 锅炉2号机组-60秒2024年12月-online.xlsx 时出错: name 'clean_dataframe' is not defined
2026-03-07 12:46:57 - ERROR - 处理文件 锅炉2号机组-60秒2025年11月-online.xlsx 时出错: name 'clean_dataframe' is not defined
2026-03-07 12:46:57 - ERROR - 处理文件 锅炉2号机组-60秒2025年01月-online.xlsx 时出错: name 'clean_dataframe' is not defined
2026-03-07 12:46:57 - ERROR - 处理文件 锅炉2号机组-60秒2025年09月-online.xlsx 时出错: name 'clean_dataframe' is not defined
2026-03-07 12:46:57 - ERROR - 处理文件 锅炉2号机组-60秒2025年05月-online.xlsx 时出错: name 'clean_dataframe' is not defined
2026-03-07 12:46:57 - ERROR - 处理文件 锅炉2号机组-60秒2025年03月-online.xlsx 时出错: name 'clean_dataframe' is not defined
2026-03-07 12:46:57 - ERROR - 处理文件 锅炉2号机组-60秒2025年06月-online.xlsx 时出错: name 'clean_dataframe' is not defined
2026-03-07 12:46:57 - ERROR - 处理文件 锅炉2号机组-60秒2025年10月-online.xlsx 时出错: name 'clean_dataframe' is not defined
2026-03-07 12:46:57 - ERROR - 处理文件 锅炉2号机组-60秒2025年07月-online.xlsx 时出错: name 'clean_dataframe' is not defined
2026-03-07 12:46:57 - ERROR - 处理文件 锅炉2号机组-60秒2025年04月-online.xlsx 时出错: name 'clean_dataframe' is not defined
2026-03-07 12:46:57 - ERROR - 处理文件 锅炉2号机组-60秒2024年11月-online.xlsx 时出错: name 'clean_dataframe' is not defined
2026-03-07 12:46:57 - ERROR - 处理文件 锅炉2号机组-60秒2025年08月-online.xlsx 时出错: name 'clean_dataframe' is not defined
2026-03-07 12:46:57 - ERROR - 处理文件 锅炉2号机组-60秒2024年10月-online.xlsx 时出错: name 'clean_dataframe' is not defined
2026-03-07 12:46:57 - ERROR - 处理文件 锅炉2号机组-60秒2025年12月-online.xlsx 时出错: name 'clean_dataframe' is not defined
2026-03-07 12:47:07 - ERROR - 处理文件 锅炉2号机组-60秒2026年01月-online.xlsx 时出错: name 'clean_dataframe' is not defined
2026-03-07 12:47:07 - ERROR - 未加载到任何有效数据
2026-03-07 12:47:07 - INFO - 🔍 正在读取: /home/lifazhi/boiler-draft-helper/data/output/all_data.feather
2026-03-07 12:47:51 - INFO - 正在加载参数配置...
2026-03-07 12:47:52 - INFO - 开始并行处理 16 个文件 (使用 16 个进程)...
2026-03-07 12:48:03 - INFO - 正在合并数据并按时间排序...
2026-03-07 12:48:03 - INFO - 正在清空空值行...
2026-03-07 12:48:03 - INFO - 已清空空值行: 64800 -> 51318 (删除了 13482 行)
2026-03-07 12:48:03 - INFO - 正在清除2026年1月27日的数据...
2026-03-07 12:48:03 - INFO - 已清除2026年1月27日的数据: 51318 -> 51058 (删除了 260 行)
2026-03-07 12:48:03 - INFO - ============================================================
2026-03-07 12:48:03 - INFO - 开始数据清洗流程
2026-03-07 12:48:03 - INFO - ============================================================
2026-03-07 12:48:03 - INFO - 开始填充缺失值...
2026-03-07 12:48:03 - INFO - 缺失值填充完成：0 -> 0 (填充了 0 个)
2026-03-07 12:48:03 - INFO - 开始处理异常值 (方法：clip)...
2026-03-07 12:48:03 - INFO - 异常值处理完成：共处理 2335 个异常值
2026-03-07 12:48:03 - INFO - 开始数据标准化与格式化...
2026-03-07 12:48:03 - INFO - 数据标准化完成：66 列，51058 行
2026-03-07 12:48:03 - INFO - ============================================================
2026-03-07 12:48:03 - INFO - 数据清洗完成！保留 51,058 行 (原始 51,058 行)
2026-03-07 12:48:03 - INFO - ============================================================
2026-03-07 12:48:03 - INFO - 正在保存为feather文件: /home/lifazhi/boiler-draft-helper/data/output/all_data_cleaned
2026-03-07 12:48:03 - INFO - 保存成功: all_data_cleaned.feather | 大小: 9.79 MB | 行数: 51,058
2026-03-07 12:48:04 - INFO - 正在保存为excel文件: /home/lifazhi/boiler-draft-helper/data/output/all_data_cleaned.xlsx
2026-03-07 12:48:42 - INFO - 保存成功: all_data_cleaned.xlsx | 大小: 18.90 MB | 行数: 51,058
2026-03-07 12:48:42 - INFO - ✅ 数据清洗任务完成！
2026-03-07 12:48:42 - INFO - 📦 清洗后数据集：/home/lifazhi/boiler-draft-helper/data/output/all_data_cleaned.feather
2026-03-07 12:48:42 - INFO - 📊 Excel 格式：/home/lifazhi/boiler-draft-helper/data/output/all_data_cleaned.xlsx
2026-03-07 12:48:42 - INFO - 🔍 正在读取: /home/lifazhi/boiler-draft-helper/data/output/all_data.feather
2026-03-07 12:54:06 - INFO - 🚀 开始数据预处理 Pipeline
2026-03-07 12:54:06 - INFO - ============================================================
2026-03-07 12:54:23 - INFO - 🚀 开始数据预处理 Pipeline
2026-03-07 12:54:23 - INFO - ============================================================
2026-03-07 12:54:54 - INFO - 🚀 开始数据预处理 Pipeline
2026-03-07 12:54:54 - INFO - ============================================================
2026-03-07 12:55:11 - INFO - 🚀 开始数据预处理 Pipeline
2026-03-07 12:55:11 - INFO - ============================================================
2026-03-07 12:56:01 - INFO - 数据目录：/home/lifazhi/boiler-draft-helper/data/锅炉 2 号机组 -60 秒-online
2026-03-07 12:56:01 - INFO - 参数文件：/home/lifazhi/boiler-draft-helper/data/副本锅炉 2 号机组 -60 秒 2026 年 01 月-online-参数说明.xlsx
2026-03-07 12:56:01 - INFO - 输出目录：/home/lifazhi/boiler-draft-helper/data/output
2026-03-07 12:56:01 - INFO - 🚀 开始数据预处理 Pipeline
2026-03-07 12:56:01 - INFO - ============================================================
2026-03-07 12:56:48 - INFO - 找到参数文件：/home/lifazhi/boiler-draft-helper/data/副本锅炉2号机组-60秒2026年01月-online-参数说明.xlsx
2026-03-07 12:56:48 - INFO - 数据目录：/home/lifazhi/boiler-draft-helper/data/锅炉 2 号机组 -60 秒-online
2026-03-07 12:56:48 - INFO - 参数文件：/home/lifazhi/boiler-draft-helper/data/副本锅炉2号机组-60秒2026年01月-online-参数说明.xlsx
2026-03-07 12:56:48 - INFO - 输出目录：/home/lifazhi/boiler-draft-helper/data/output
2026-03-07 12:56:48 - INFO - 🚀 开始数据预处理 Pipeline
2026-03-07 12:56:48 - INFO - ============================================================
2026-03-07 12:56:49 - INFO - ✅ 参数配置加载完成
2026-03-07 12:56:49 - WARNING - 在 /home/lifazhi/boiler-draft-helper/data/锅炉 2 号机组 -60 秒-online 下未找到文件
2026-03-07 12:56:49 - ERROR - ❌ 未加载到任何有效数据
2026-03-07 13:13:31 - INFO - 数据目录：/home/lifazhi/boiler-draft-helper/data/锅炉 2 号机组 -60 秒-online
2026-03-07 13:13:31 - INFO - 参数文件：/home/lifazhi/boiler-draft-helper/data/副本锅炉2号机组-60秒2026年01月-online-参数说明.xlsx
2026-03-07 13:13:31 - INFO - 输出目录：/home/lifazhi/boiler-draft-helper/data/output
2026-03-07 13:13:31 - INFO - 🚀 开始数据预处理 Pipeline
2026-03-07 13:13:31 - INFO - ============================================================
2026-03-07 13:13:32 - INFO - ✅ 参数配置加载完成
2026-03-07 13:13:32 - WARNING - 在 /home/lifazhi/boiler-draft-helper/data/锅炉 2 号机组 -60 秒-online 下未找到文件
2026-03-07 13:13:32 - ERROR - ❌ 未加载到任何有效数据
2026-03-07 13:13:58 - INFO - 数据目录：/home/lifazhi/boiler-draft-helper/data/锅炉2号机组-60秒-online
2026-03-07 13:13:58 - INFO - 参数文件：/home/lifazhi/boiler-draft-helper/data/副本锅炉2号机组-60秒2026年01月-online-参数说明.xlsx
2026-03-07 13:13:58 - INFO - 输出目录：/home/lifazhi/boiler-draft-helper/data/output
2026-03-07 13:13:58 - INFO - 🚀 开始数据预处理 Pipeline
2026-03-07 13:13:58 - INFO - ============================================================
2026-03-07 13:13:58 - INFO - ✅ 参数配置加载完成
2026-03-07 13:13:58 - INFO - 开始并行处理 16 个文件 (使用 16 个进程)...
2026-03-07 13:14:08 - WARNING - 文件 锅炉2号机组-60秒2026年01月-online.xlsx 中没有找到有效的数据页签
2026-03-07 13:14:08 - INFO - 正在合并数据并按时间排序...
2026-03-07 13:14:08 - INFO - 已清空空值行：21600 -> 21600 (删除了 0 行)
2026-03-07 13:14:08 - INFO - 已清除 2026 年 1 月 27 日的数据：21600 -> 21600 (删除了 0 行)
2026-03-07 13:14:08 - INFO - ============================================================
2026-03-07 13:14:08 - INFO - 开始数据清洗流程
2026-03-07 13:14:08 - INFO - ============================================================
2026-03-07 13:14:08 - INFO - 开始填充缺失值...
2026-03-07 13:14:08 - INFO - 缺失值填充完成：0 -> 0 (填充了 0 个)
2026-03-07 13:14:08 - INFO - 开始处理异常值 (方法：clip)...
2026-03-07 13:14:08 - DEBUG - 列 2AH18CP002 截断 19238 个异常值到 [0.00, 10.00]
2026-03-07 13:14:08 - DEBUG - 列 2BK2CP11.1 截断 2120 个异常值到 [2.17, 5.01]
2026-03-07 13:14:08 - INFO - 异常值处理完成：共处理 21358 个异常值
2026-03-07 13:14:08 - INFO - 开始数据标准化与格式化...
2026-03-07 13:14:08 - INFO - 数据标准化完成：66 列，21600 行
2026-03-07 13:14:08 - INFO - ============================================================
2026-03-07 13:14:08 - INFO - 数据清洗完成！保留 21,600 行 (原始 21,600 行)
2026-03-07 13:14:08 - INFO - ============================================================
2026-03-07 13:14:08 - INFO - 正在保存为 feather 文件：/home/lifazhi/boiler-draft-helper/data/output/all_data_cleaned
2026-03-07 13:14:08 - INFO - 保存成功：all_data_cleaned.feather | 大小：4.10 MB | 行数：21,600
2026-03-07 13:14:08 - INFO - 正在保存为 excel 文件：/home/lifazhi/boiler-draft-helper/data/output/all_data_cleaned.xlsx
2026-03-07 13:14:25 - INFO - 保存成功：all_data_cleaned.xlsx | 大小：7.93 MB | 行数：21,600
2026-03-07 13:14:25 - INFO - ============================================================
2026-03-07 13:14:25 - INFO - ✅ 数据预处理 Pipeline 完成！
2026-03-07 13:14:25 - INFO - 📦 清洗后数据集：/home/lifazhi/boiler-draft-helper/data/output/all_data_cleaned.feather
2026-03-07 13:14:25 - INFO - 📊 Excel 格式：/home/lifazhi/boiler-draft-helper/data/output/all_data_cleaned.xlsx
2026-03-07 13:14:25 - INFO - ============================================================
2026-03-07 13:33:46 - INFO - 数据目录：/home/lifazhi/boiler-draft-helper/data/锅炉2号机组-60秒-online
2026-03-07 13:33:46 - INFO - 参数文件：/home/lifazhi/boiler-draft-helper/data/副本锅炉2号机组-60秒2026年01月-online-参数说明.xlsx
2026-03-07 13:33:46 - INFO - 输出目录：/home/lifazhi/boiler-draft-helper/data/output
2026-03-07 13:33:46 - INFO - 🚀 开始数据预处理 Pipeline
2026-03-07 13:33:46 - INFO - ✅ 参数配置加载完成
2026-03-07 13:33:46 - INFO - 开始并行处理 16 个文件 (使用 16 个进程)...
2026-03-07 13:33:56 - WARNING - 文件 锅炉2号机组-60秒2026年01月-online.xlsx 中没有找到有效的数据页签
2026-03-07 13:33:56 - INFO - 正在合并数据并按时间排序...
2026-03-07 13:33:56 - INFO - 已清空空值行：21600 -> 21600 (删除了 0 行)
2026-03-07 13:33:56 - INFO - 已清除 2026 年 1 月 27 日的数据：21600 -> 21600 (删除了 0 行)
2026-03-07 13:33:56 - INFO - 开始数据清洗流程...
2026-03-07 13:33:56 - INFO - 开始填充缺失值...
2026-03-07 13:33:56 - INFO - 缺失值填充完成：0 -> 0 (填充了 0 个)
2026-03-07 13:33:56 - INFO - 开始处理异常值 (方法：clip)...
2026-03-07 13:33:56 - DEBUG - 列 2AH18CP002 截断 19238 个异常值到 [0.00, 10.00]
2026-03-07 13:33:56 - DEBUG - 列 2BK2CP11.1 截断 2120 个异常值到 [2.17, 5.01]
2026-03-07 13:33:56 - INFO - 异常值处理完成：共处理 21358 个异常值
2026-03-07 13:33:56 - INFO - 开始数据标准化与格式化...
2026-03-07 13:33:56 - INFO - 数据标准化完成：66 列，21600 行
2026-03-07 13:33:56 - INFO - 数据清洗完成！保留 21,600 行 (原始 21,600 行)
2026-03-07 13:33:56 - INFO - 正在保存为 feather 文件：/home/lifazhi/boiler-draft-helper/data/output/all_data_cleaned
2026-03-07 13:33:56 - INFO - 保存成功：all_data_cleaned.feather | 大小：4.10 MB | 行数：21,600
2026-03-07 13:33:56 - INFO - ============================================================
2026-03-07 13:33:56 - INFO - ✅ 数据预处理 Pipeline 完成！
2026-03-07 13:33:56 - INFO - 📦 清洗后数据集：/home/lifazhi/boiler-draft-helper/data/output/all_data_cleaned.feather
2026-03-07 13:33:56 - INFO - 📊 Excel 格式：/home/lifazhi/boiler-draft-helper/data/output/all_data_cleaned.xlsx
2026-03-07 13:33:56 - INFO - ============================================================
2026-03-07 13:41:07 - INFO - 数据目录：/home/lifazhi/boiler-draft-helper/data/锅炉2号机组-60秒-online
2026-03-07 13:41:07 - INFO - 参数文件：/home/lifazhi/boiler-draft-helper/data/副本锅炉2号机组-60秒2026年01月-online-参数说明.xlsx
2026-03-07 13:41:07 - INFO - 输出目录：/home/lifazhi/boiler-draft-helper/data/output
2026-03-07 13:41:07 - INFO - 🚀 开始数据预处理 Pipeline
2026-03-07 13:41:08 - INFO - ✅ 参数配置加载完成
2026-03-07 13:41:08 - INFO - 开始并行读取 16 个文件 (使用 16 个进程)...
2026-03-07 13:41:19 - INFO - 正在合并数据并按时间排序...
2026-03-07 13:41:19 - INFO - 已清空空值行：64800 -> 51318 (删除了 13482 行)
2026-03-07 13:41:19 - INFO - 已清除 2026 年 1 月 27 日的数据：51318 -> 51058 (删除了 260 行)
2026-03-07 13:41:19 - INFO - 开始数据清洗流程...
2026-03-07 13:41:19 - INFO - 开始填充缺失值...
2026-03-07 13:41:19 - INFO - 缺失值填充完成：0 -> 0 (填充了 0 个)
2026-03-07 13:41:19 - INFO - 开始处理异常值 (方法：clip)...
2026-03-07 13:41:19 - DEBUG - 列 2AH18CP002 截断 47393 个异常值到 [0.00, 10.00]
2026-03-07 13:41:19 - DEBUG - 列 2BK2CP11.1 截断 2335 个异常值到 [2.33, 5.21]
2026-03-07 13:41:19 - INFO - 异常值处理完成：共处理 49728 个异常值
2026-03-07 13:41:19 - INFO - 开始数据标准化与格式化...
2026-03-07 13:41:19 - INFO - 数据标准化完成：66 列，51058 行
2026-03-07 13:41:19 - INFO - 数据清洗完成！保留 51,058 行 (原始 51,058 行)
2026-03-07 13:41:19 - INFO - 正在保存为 feather 文件：/home/lifazhi/boiler-draft-helper/data/output/all_data_cleaned
2026-03-07 13:41:19 - INFO - 保存成功：all_data_cleaned.feather | 大小：9.63 MB | 行数：51,058
2026-03-07 13:41:19 - INFO - ============================================================
2026-03-07 13:41:19 - INFO - ✅ 数据预处理 Pipeline 完成！
2026-03-07 13:41:19 - INFO - 📦 清洗后数据集：/home/lifazhi/boiler-draft-helper/data/output/all_data_cleaned.feather
2026-03-07 13:41:19 - INFO - 📊 Excel 格式：/home/lifazhi/boiler-draft-helper/data/output/all_data_cleaned.xlsx
2026-03-07 13:41:19 - INFO - ============================================================
2026-03-07 13:56:20 - INFO - 数据目录：/home/lifazhi/boiler-draft-helper/data/锅炉2号机组-60秒-online
2026-03-07 13:56:20 - INFO - 参数文件：/home/lifazhi/boiler-draft-helper/data/副本锅炉2号机组-60秒2026年01月-online-参数说明.xlsx
2026-03-07 13:56:20 - INFO - 输出目录：/home/lifazhi/boiler-draft-helper/data/output
2026-03-07 13:56:20 - INFO - 开始数据预处理 Pipeline
2026-03-07 13:56:20 - INFO - 参数配置加载完成
2026-03-07 13:56:20 - INFO - 开始并行读取 16 个文件 (使用 16 个进程)...
2026-03-07 13:56:31 - INFO - 正在合并数据并按时间排序...
2026-03-07 13:56:31 - INFO - 已清空空值行：64800 -> 51318 (删除了 13482 行)
2026-03-07 13:56:31 - INFO - 已清除 2026 年 1 月 27 日的数据：51318 -> 51058 (删除了 260 行)
2026-03-07 13:56:31 - INFO - 开始填充缺失值...
2026-03-07 13:56:31 - INFO - 数据中没有缺失值，跳过缺失填充
2026-03-07 13:56:31 - INFO - 开始处理异常值 (方法：remove)...
2026-03-07 13:56:31 - DEBUG - 列 2AH18CP002 删除 47393 个异常值
2026-03-07 13:56:31 - INFO - 异常值处理完成：共处理 47393 个异常值
2026-03-07 13:56:31 - INFO - 开始数据标准化与格式化...
2026-03-07 13:56:31 - INFO - 数据标准化完成：66 列，3665 行
2026-03-07 13:56:31 - INFO - 正在保存为 feather 文件：/home/lifazhi/boiler-draft-helper/data/output/all_data_cleaned
2026-03-07 13:56:31 - INFO - 保存成功：all_data_cleaned.feather | 大小：0.75 MB | 行数：3,665
2026-03-07 13:56:31 - INFO - 正在保存为 excel 文件：/home/lifazhi/boiler-draft-helper/data/output/all_data_cleaned.xlsx
2026-03-07 13:56:34 - INFO - 保存成功：all_data_cleaned.xlsx | 大小：1.31 MB | 行数：3,665
2026-03-07 13:56:34 - INFO - 数据预处理 Pipeline 完成！
2026-03-07 13:56:34 - INFO - 清洗后数据集：/home/lifazhi/boiler-draft-helper/data/output/all_data_cleaned.feather
2026-03-07 13:56:34 - INFO - Excel 格式：/home/lifazhi/boiler-draft-helper/data/output/all_data_cleaned.xlsx
2026-03-07 13:58:16 - INFO - 数据目录：/home/lifazhi/boiler-draft-helper/data/锅炉2号机组-60秒-online
2026-03-07 13:58:16 - INFO - 参数文件：/home/lifazhi/boiler-draft-helper/data/副本锅炉2号机组-60秒2026年01月-online-参数说明.xlsx
2026-03-07 13:58:16 - INFO - 输出目录：/home/lifazhi/boiler-draft-helper/data/output
2026-03-07 13:58:16 - INFO - 开始数据预处理 Pipeline
2026-03-07 13:58:16 - INFO - 参数配置加载完成
2026-03-07 13:58:16 - INFO - 开始并行读取 16 个文件 (使用 16 个进程)...
2026-03-07 13:58:27 - INFO - 正在合并数据并按时间排序...
2026-03-07 13:58:27 - INFO - 已清空空值行：64800 -> 51318 (删除了 13482 行)
2026-03-07 13:58:27 - INFO - 已清除 2026 年 1 月 27 日的数据：51318 -> 51058 (删除了 260 行)
2026-03-07 13:58:27 - INFO - 开始填充缺失值...
2026-03-07 13:58:27 - WARNING - 数据中没有缺失值，跳过缺失填充
2026-03-07 13:58:27 - INFO - 开始处理异常值 (方法：clip)...
2026-03-07 13:58:27 - DEBUG - 列 2AH18CP002 截断 47393 个异常值到 [0.00, 10.00]
2026-03-07 13:58:27 - DEBUG - 列 2BK2CP11.1 截断 2335 个异常值到 [2.33, 5.21]
2026-03-07 13:58:27 - INFO - 异常值处理完成：共处理 49728 个异常值
2026-03-07 13:58:27 - INFO - 开始数据标准化与格式化...
2026-03-07 13:58:27 - INFO - 数据标准化完成：66 列，51058 行
2026-03-07 13:58:27 - INFO - 正在保存为 feather 文件：/home/lifazhi/boiler-draft-helper/data/output/all_data_cleaned
2026-03-07 13:58:27 - INFO - 保存成功：all_data_cleaned.feather | 大小：9.63 MB | 行数：51,058
2026-03-07 13:58:27 - INFO - 正在保存为 excel 文件：/home/lifazhi/boiler-draft-helper/data/output/all_data_cleaned.xlsx
2026-03-07 13:59:05 - INFO - 保存成功：all_data_cleaned.xlsx | 大小：18.85 MB | 行数：51,058
2026-03-07 13:59:05 - INFO - 数据预处理 Pipeline 完成！
2026-03-07 13:59:05 - INFO - 清洗后数据集：/home/lifazhi/boiler-draft-helper/data/output/all_data_cleaned.feather
2026-03-07 13:59:05 - INFO - Excel 格式：/home/lifazhi/boiler-draft-helper/data/output/all_data_cleaned.xlsx
2026-03-07 14:01:08 - INFO - 加载数据文件: /home/lifazhi/boiler-draft-helper/data/output/all_data.feather
2026-03-07 14:01:08 - INFO - 数据加载完成，共 51,058 行，66 列
2026-03-07 14:01:08 - INFO - 开始分析数据质量...
2026-03-07 14:01:08 - INFO - 任务 missing_values 完成
2026-03-07 14:01:09 - INFO - 成功加载参数字典，共 63 个参数
2026-03-07 14:01:09 - DEBUG - 使用参数字典中的量程: D62AX002 -> [0.0, 100.0]
2026-03-07 14:01:09 - DEBUG - 使用参数字典中的量程: MSFLOW -> [0.0, 450.0]
2026-03-07 14:01:09 - DEBUG - 使用IQR方法计算量程: 2AH18CP01 -> [9.516021728515625, 12.113517761230469]
2026-03-07 14:01:09 - DEBUG - 使用参数字典中的量程: 2AH18CP002 -> [0.0, 10.0]
2026-03-07 14:01:09 - DEBUG - 使用参数字典中的量程: 2BK10CP004 -> [-2500.0, 2500.0]
2026-03-07 14:01:09 - DEBUG - 使用参数字典中的量程: 2BK2CP004 -> [-2500.0, 2500.0]
2026-03-07 14:01:09 - DEBUG - 使用参数字典中的量程: 2BK10CP005 -> [-2500.0, 2500.0]
2026-03-07 14:01:09 - DEBUG - 使用参数字典中的量程: 2BK2CP005 -> [-2500.0, 2500.0]
2026-03-07 14:01:09 - DEBUG - 使用IQR方法计算量程: 2LA10CP006 -> [11.775250434875488, 13.072171211242676]
2026-03-07 14:01:09 - DEBUG - 使用IQR方法计算量程: 2HLA2CP006 -> [11.809582233428955, 13.106499195098877]
2026-03-07 14:01:09 - DEBUG - 使用参数字典中的量程: D66P53A10 -> [0.0, 1500.0]
2026-03-07 14:01:09 - DEBUG - 使用IQR方法计算量程: 2LA10CT003 -> [26.73856544494629, 50.77291297912598]
2026-03-07 14:01:09 - DEBUG - 使用IQR方法计算量程: 2LA2CT003 -> [28.321054458618164, 49.74883460998535]
2026-03-07 14:01:09 - DEBUG - 使用参数字典中的量程: 2LA10CT11 -> [0.0, 1000.0]
2026-03-07 14:01:09 - DEBUG - 使用参数字典中的量程: 2LA2CT11 -> [0.0, 1000.0]
2026-03-07 14:01:09 - DEBUG - 使用IQR方法计算量程: 2BK10CQ1 -> [1.052159309387207, 6.602906227111816]
2026-03-07 14:01:09 - DEBUG - 使用IQR方法计算量程: 2BK2CQ1 -> [2.741584539413452, 7.4876954555511475]
2026-03-07 14:01:09 - DEBUG - 使用IQR方法计算量程: 2BK2CQ2 -> [3.110116481781006, 5.662328243255615]
2026-03-07 14:01:09 - DEBUG - 使用IQR方法计算量程: 2DB11CP01 -> [32.37335968017578, 35.33948516845703]
2026-03-07 14:01:09 - DEBUG - 使用IQR方法计算量程: 2DB21CP01 -> [31.81120491027832, 34.52328681945801]
2026-03-07 14:01:09 - DEBUG - 使用参数字典中的量程: 2LB30CS901 -> [0.0, 1500.0]
2026-03-07 14:01:09 - DEBUG - 使用参数字典中的量程: 2BBA13Q11 -> [0.0, 200.0]
2026-03-07 14:01:09 - DEBUG - 使用IQR方法计算量程: 2LA30A12C11 -> [9.196674346923828, 54.63457107543945]
2026-03-07 14:01:09 - DEBUG - 使用IQR方法计算量程: 2HLA30CP01 -> [2.4181036949157715, 7.785512447357178]
2026-03-07 14:01:09 - DEBUG - 使用IQR方法计算量程: 2LA30A11C01 -> [99.0, 99.0]
2026-03-07 14:01:09 - DEBUG - 使用参数字典中的量程: 2LB40CS901 -> [0.0, 1500.0]
2026-03-07 14:01:09 - DEBUG - 使用参数字典中的量程: 2BBB11Q11 -> [0.0, 200.0]
2026-03-07 14:01:09 - DEBUG - 使用IQR方法计算量程: 2LA40A12C11 -> [30.859020233154297, 62.29020309448242]
2026-03-07 14:01:09 - DEBUG - 使用IQR方法计算量程: 2LA40A11C01 -> [96.5, 100.5]
2026-03-07 14:01:09 - DEBUG - 使用IQR方法计算量程: 2LA40CP01 -> [3.023101270198822, 7.865602433681488]
2026-03-07 14:01:09 - DEBUG - 使用参数字典中的量程: 2LB10CS001 -> [0.0, 1500.0]
2026-03-07 14:01:09 - DEBUG - 使用参数字典中的量程: 2BBA14Q11 -> [0.0, 200.0]
2026-03-07 14:01:09 - DEBUG - 使用IQR方法计算量程: 2LA10A12C11 -> [21.074920654296875, 53.45208740234375]
2026-03-07 14:01:09 - DEBUG - 使用IQR方法计算量程: 2LA10CP01 -> [12.766059875488281, 14.360504150390625]
2026-03-07 14:01:09 - DEBUG - 使用IQR方法计算量程: APAFCDMD -> [96.5, 100.5]
2026-03-07 14:01:09 - DEBUG - 使用参数字典中的量程: 2LB20CS001 -> [0.0, 1500.0]
2026-03-07 14:01:09 - DEBUG - 使用参数字典中的量程: 2BBB12Q11 -> [0.0, 200.0]
2026-03-07 14:01:09 - DEBUG - 使用IQR方法计算量程: 2LA20A12C11 -> [34.162343978881836, 42.40158653259277]
2026-03-07 14:01:09 - DEBUG - 使用IQR方法计算量程: 2HLA2CP001 -> [12.597268104553223, 14.245118141174316]
2026-03-07 14:01:09 - DEBUG - 使用IQR方法计算量程: BPAFCDMD -> [100.0, 100.0]
2026-03-07 14:01:09 - DEBUG - 使用参数字典中的量程: 2NC10CS901 -> [0.0, 1500.0]
2026-03-07 14:01:09 - DEBUG - 使用参数字典中的量程: 2BBA15Q11 -> [0.0, 300.0]
2026-03-07 14:01:09 - DEBUG - 使用参数字典中的量程: DPU61AX107 -> [0.0, 100.0]
2026-03-07 14:01:09 - DEBUG - 使用参数字典中的量程: 2NA10CP004 -> [-20.0, 20.0]
2026-03-07 14:01:09 - DEBUG - 使用IQR方法计算量程: 2NC10A11C01 -> [99.0, 99.0]
2026-03-07 14:01:09 - DEBUG - 使用参数字典中的量程: 2NC2CS901 -> [0.0, 1500.0]
2026-03-07 14:01:09 - DEBUG - 使用参数字典中的量程: 2BBB13Q11 -> [0.0, 300.0]
2026-03-07 14:01:09 - DEBUG - 使用参数字典中的量程: DPU61AX108 -> [0.0, 100.0]
2026-03-07 14:01:09 - DEBUG - 使用参数字典中的量程: 2NA2CP004 -> [-20.0, 20.0]
2026-03-07 14:01:09 - DEBUG - 使用IQR方法计算量程: 2NC20A11C01 -> [97.5, 101.5]
2026-03-07 14:01:09 - DEBUG - 使用IQR方法计算量程: 2BK10CP01 -> [4.653455495834351, 7.138961553573608]
2026-03-07 14:01:09 - DEBUG - 使用IQR方法计算量程: 2BK10CP11 -> [2.7872291803359985, 5.8662649393081665]
2026-03-07 14:01:09 - DEBUG - 使用IQR方法计算量程: 2BK10CP12 -> [3.728639602661133, 6.581857681274414]
2026-03-07 14:01:09 - DEBUG - 使用IQR方法计算量程: 2BK2CP01 -> [4.296422243118286, 6.69953465461731]
2026-03-07 14:01:09 - DEBUG - 使用IQR方法计算量程: 2BK2CP11 -> [2.3344521522521973, 5.2090325355529785]
2026-03-07 14:01:09 - INFO - 任务 time_continuity 完成
2026-03-07 14:01:09 - DEBUG - 使用IQR方法计算量程: 2BK2CP12 -> [3.260603427886963, 6.09856653213501]
2026-03-07 14:01:09 - DEBUG - 使用IQR方法计算量程: 2BK10CT226 -> [864.6762771606445, 913.0968704223633]
2026-03-07 14:01:09 - DEBUG - 使用IQR方法计算量程: 2BK10CT229 -> [860.3457946777344, 934.3571472167969]
2026-03-07 14:01:09 - DEBUG - 使用IQR方法计算量程: 2BK10CT232 -> [892.0431900024414, 936.7740859985352]
2026-03-07 14:01:09 - DEBUG - 使用IQR方法计算量程: 2BK2CT226 -> [898.5713500976562, 956.6719360351562]
2026-03-07 14:01:09 - DEBUG - 使用IQR方法计算量程: 2BK2CP11.1 -> [2.3344521522521973, 5.2090325355529785]
2026-03-07 14:01:09 - DEBUG - 使用IQR方法计算量程: 2BK2CT232 -> [889.1941299438477, 944.5915298461914]
2026-03-07 14:01:09 - DEBUG - 使用IQR方法计算量程: 2LA30CT11 -> [215.6467056274414, 230.63028717041016]
2026-03-07 14:01:09 - DEBUG - 使用IQR方法计算量程: 2LA40CT11 -> [215.02299308776855, 228.65362358093262]
2026-03-07 14:01:09 - INFO - 任务 outliers 完成
2026-03-07 14:01:09 - INFO - 数据质量评估报告已保存至: /home/lifazhi/boiler-draft-helper/data/output/data_quality_report.json
2026-03-07 14:01:09 - INFO - Markdown格式报告已保存至: /home/lifazhi/boiler-draft-helper/data/output/data_quality_report.md
2026-03-07 14:01:09 - INFO - 数据质量评估完成！
2026-03-07 14:05:09 - INFO - 输出目录：/home/lifazhi/boiler-draft-helper/data/output
2026-03-07 14:05:09 - INFO - 数据文件：/home/lifazhi/boiler-draft-helper/data/output/all_data_cleaned.feather
2026-03-07 14:05:09 - INFO - 参数文件：/home/lifazhi/boiler-draft-helper/data/output/param_dict.json
2026-03-07 14:05:09 - INFO - 🚀 开始数据质量评估 Pipeline
2026-03-07 14:05:09 - INFO - ============================================================
2026-03-07 14:05:09 - INFO - 成功加载参数字典，共 63 个参数
2026-03-07 14:05:09 - INFO - ✅ 参数配置加载完成
2026-03-07 14:05:09 - INFO - 正在加载数据文件：/home/lifazhi/boiler-draft-helper/data/output/all_data_cleaned.feather
2026-03-07 14:05:09 - INFO - 数据加载完成，共 51,058 行，66 列
2026-03-07 14:05:09 - INFO - ============================================================
2026-03-07 14:05:09 - INFO - 开始数据质量分析
2026-03-07 14:05:09 - INFO - ============================================================
2026-03-07 14:05:09 - INFO - 开始缺失值分析...
2026-03-07 14:05:09 - INFO - 缺失值分析完成：共 0 个缺失值
2026-03-07 14:05:09 - INFO - 开始异常值检测...
2026-03-07 14:05:09 - DEBUG - 使用参数字典中的量程: D62AX002 -> [0.0, 100.0]
2026-03-07 14:05:09 - DEBUG - 使用参数字典中的量程: MSFLOW -> [0.0, 450.0]
2026-03-07 14:05:09 - DEBUG - 使用IQR方法计算量程: 2AH18CP01 -> [9.52, 12.11]
2026-03-07 14:05:09 - DEBUG - 使用参数字典中的量程: 2AH18CP002 -> [0.0, 10.0]
2026-03-07 14:05:09 - DEBUG - 使用参数字典中的量程: 2BK10CP004 -> [-2500.0, 2500.0]
2026-03-07 14:05:09 - DEBUG - 使用参数字典中的量程: 2BK2CP004 -> [-2500.0, 2500.0]
2026-03-07 14:05:09 - DEBUG - 使用参数字典中的量程: 2BK10CP005 -> [-2500.0, 2500.0]
2026-03-07 14:05:09 - DEBUG - 使用参数字典中的量程: 2BK2CP005 -> [-2500.0, 2500.0]
2026-03-07 14:05:09 - DEBUG - 使用IQR方法计算量程: 2LA10CP006 -> [11.78, 13.07]
2026-03-07 14:05:09 - DEBUG - 使用IQR方法计算量程: 2HLA2CP006 -> [11.81, 13.11]
2026-03-07 14:05:09 - DEBUG - 使用参数字典中的量程: D66P53A10 -> [0.0, 1500.0]
2026-03-07 14:05:09 - DEBUG - 使用IQR方法计算量程: 2LA10CT003 -> [26.74, 50.77]
2026-03-07 14:05:09 - DEBUG - 使用IQR方法计算量程: 2LA2CT003 -> [28.32, 49.75]
2026-03-07 14:05:09 - DEBUG - 使用参数字典中的量程: 2LA10CT11 -> [0.0, 1000.0]
2026-03-07 14:05:09 - DEBUG - 使用参数字典中的量程: 2LA2CT11 -> [0.0, 1000.0]
2026-03-07 14:05:09 - DEBUG - 使用IQR方法计算量程: 2BK10CQ1 -> [1.05, 6.60]
2026-03-07 14:05:09 - DEBUG - 使用IQR方法计算量程: 2BK2CQ1 -> [2.74, 7.49]
2026-03-07 14:05:09 - DEBUG - 使用IQR方法计算量程: 2BK2CQ2 -> [3.11, 5.66]
2026-03-07 14:05:09 - DEBUG - 使用IQR方法计算量程: 2DB11CP01 -> [32.37, 35.34]
2026-03-07 14:05:09 - DEBUG - 使用IQR方法计算量程: 2DB21CP01 -> [31.81, 34.52]
2026-03-07 14:05:09 - DEBUG - 使用参数字典中的量程: 2LB30CS901 -> [0.0, 1500.0]
2026-03-07 14:05:09 - DEBUG - 使用参数字典中的量程: 2BBA13Q11 -> [0.0, 200.0]
2026-03-07 14:05:09 - DEBUG - 使用IQR方法计算量程: 2LA30A12C11 -> [9.20, 54.63]
2026-03-07 14:05:09 - DEBUG - 使用IQR方法计算量程: 2HLA30CP01 -> [2.42, 7.79]
2026-03-07 14:05:09 - DEBUG - 使用IQR方法计算量程: 2LA30A11C01 -> [99.00, 99.00]
2026-03-07 14:05:09 - DEBUG - 使用参数字典中的量程: 2LB40CS901 -> [0.0, 1500.0]
2026-03-07 14:05:09 - DEBUG - 使用参数字典中的量程: 2BBB11Q11 -> [0.0, 200.0]
2026-03-07 14:05:09 - DEBUG - 使用IQR方法计算量程: 2LA40A12C11 -> [30.86, 62.29]
2026-03-07 14:05:09 - DEBUG - 使用IQR方法计算量程: 2LA40A11C01 -> [96.50, 100.50]
2026-03-07 14:05:09 - DEBUG - 使用IQR方法计算量程: 2LA40CP01 -> [3.02, 7.87]
2026-03-07 14:05:09 - DEBUG - 使用参数字典中的量程: 2LB10CS001 -> [0.0, 1500.0]
2026-03-07 14:05:09 - DEBUG - 使用参数字典中的量程: 2BBA14Q11 -> [0.0, 200.0]
2026-03-07 14:05:09 - DEBUG - 使用IQR方法计算量程: 2LA10A12C11 -> [21.08, 53.45]
2026-03-07 14:05:09 - DEBUG - 使用IQR方法计算量程: 2LA10CP01 -> [12.77, 14.36]
2026-03-07 14:05:09 - DEBUG - 使用IQR方法计算量程: APAFCDMD -> [96.50, 100.50]
2026-03-07 14:05:09 - DEBUG - 使用参数字典中的量程: 2LB20CS001 -> [0.0, 1500.0]
2026-03-07 14:05:09 - DEBUG - 使用参数字典中的量程: 2BBB12Q11 -> [0.0, 200.0]
2026-03-07 14:05:09 - DEBUG - 使用IQR方法计算量程: 2LA20A12C11 -> [34.16, 42.40]
2026-03-07 14:05:09 - DEBUG - 使用IQR方法计算量程: 2HLA2CP001 -> [12.60, 14.25]
2026-03-07 14:05:09 - DEBUG - 使用IQR方法计算量程: BPAFCDMD -> [100.00, 100.00]
2026-03-07 14:05:09 - DEBUG - 使用参数字典中的量程: 2NC10CS901 -> [0.0, 1500.0]
2026-03-07 14:05:09 - DEBUG - 使用参数字典中的量程: 2BBA15Q11 -> [0.0, 300.0]
2026-03-07 14:05:09 - DEBUG - 使用参数字典中的量程: DPU61AX107 -> [0.0, 100.0]
2026-03-07 14:05:09 - DEBUG - 使用参数字典中的量程: 2NA10CP004 -> [-20.0, 20.0]
2026-03-07 14:05:09 - DEBUG - 使用IQR方法计算量程: 2NC10A11C01 -> [99.00, 99.00]
2026-03-07 14:05:09 - DEBUG - 使用参数字典中的量程: 2NC2CS901 -> [0.0, 1500.0]
2026-03-07 14:05:09 - DEBUG - 使用参数字典中的量程: 2BBB13Q11 -> [0.0, 300.0]
2026-03-07 14:05:09 - DEBUG - 使用参数字典中的量程: DPU61AX108 -> [0.0, 100.0]
2026-03-07 14:05:09 - DEBUG - 使用参数字典中的量程: 2NA2CP004 -> [-20.0, 20.0]
2026-03-07 14:05:09 - DEBUG - 使用IQR方法计算量程: 2NC20A11C01 -> [97.50, 101.50]
2026-03-07 14:05:09 - DEBUG - 使用IQR方法计算量程: 2BK10CP01 -> [4.65, 7.14]
2026-03-07 14:05:10 - DEBUG - 使用IQR方法计算量程: 2BK10CP11 -> [2.79, 5.87]
2026-03-07 14:05:10 - DEBUG - 使用IQR方法计算量程: 2BK10CP12 -> [3.73, 6.58]
2026-03-07 14:05:10 - DEBUG - 使用IQR方法计算量程: 2BK2CP01 -> [4.30, 6.70]
2026-03-07 14:05:10 - DEBUG - 使用IQR方法计算量程: 2BK2CP11 -> [2.33, 5.21]
2026-03-07 14:05:10 - DEBUG - 使用IQR方法计算量程: 2BK2CP12 -> [3.26, 6.10]
2026-03-07 14:05:10 - DEBUG - 使用IQR方法计算量程: 2BK10CT226 -> [864.68, 913.10]
2026-03-07 14:05:10 - DEBUG - 使用IQR方法计算量程: 2BK10CT229 -> [860.35, 934.36]
2026-03-07 14:05:10 - DEBUG - 使用IQR方法计算量程: 2BK10CT232 -> [892.04, 936.77]
2026-03-07 14:05:10 - DEBUG - 使用IQR方法计算量程: 2BK2CT226 -> [898.57, 956.67]
2026-03-07 14:05:10 - DEBUG - 使用IQR方法计算量程: 2BK2CP11.1 -> [2.33, 5.21]
2026-03-07 14:05:10 - DEBUG - 使用IQR方法计算量程: 2BK2CT232 -> [889.19, 944.59]
2026-03-07 14:05:10 - DEBUG - 使用IQR方法计算量程: 2LA30CT11 -> [215.65, 230.63]
2026-03-07 14:05:10 - DEBUG - 使用IQR方法计算量程: 2LA40CT11 -> [215.02, 228.65]
2026-03-07 14:05:10 - INFO - 异常值检测完成：共 100814 个异常值
2026-03-07 14:05:10 - INFO - 开始时间连续性检查...
2026-03-07 14:05:10 - INFO - 时间连续性检查完成：发现 15 个时间缺口
2026-03-07 14:05:10 - INFO - ============================================================
2026-03-07 14:05:10 - INFO - 数据质量分析完成！
2026-03-07 14:05:10 - INFO - ============================================================
2026-03-07 14:05:10 - INFO - 正在生成 JSON 报告：/home/lifazhi/boiler-draft-helper/data/output/data_quality_report.json
2026-03-07 14:05:10 - INFO - JSON 报告已保存：/home/lifazhi/boiler-draft-helper/data/output/data_quality_report.json
2026-03-07 14:05:10 - INFO - 正在生成 Markdown 报告：/home/lifazhi/boiler-draft-helper/data/output/data_quality_report.md
2026-03-07 14:05:10 - INFO - Markdown 报告已保存：/home/lifazhi/boiler-draft-helper/data/output/data_quality_report.md
2026-03-07 14:05:10 - INFO - ============================================================
2026-03-07 14:05:10 - INFO - ✅ 数据质量评估 Pipeline 完成！
2026-03-07 14:05:10 - INFO - 📊 JSON 报告：/home/lifazhi/boiler-draft-helper/data/output/data_quality_report.json
2026-03-07 14:05:10 - INFO - 📝 Markdown 报告：/home/lifazhi/boiler-draft-helper/data/output/data_quality_report.md
2026-03-07 14:05:10 - INFO - ============================================================
2026-03-07 14:10:44 - INFO - 输出目录：/home/lifazhi/boiler-draft-helper/data/output
2026-03-07 14:10:44 - INFO - 数据文件：/home/lifazhi/boiler-draft-helper/data/output/all_data_cleaned.feather
2026-03-07 14:10:44 - INFO - 参数文件：/home/lifazhi/boiler-draft-helper/data/output/param_dict.json
2026-03-07 14:10:44 - INFO - 开始数据质量评估 Pipeline
2026-03-07 14:10:44 - INFO - ============================================================
2026-03-07 14:10:44 - INFO - 成功加载参数字典，共 63 个参数
2026-03-07 14:10:44 - INFO - 参数配置加载完成
2026-03-07 14:10:44 - INFO - 正在加载数据文件：/home/lifazhi/boiler-draft-helper/data/output/all_data_cleaned.feather
2026-03-07 14:10:44 - INFO - 数据加载完成，共 51,058 行，66 列
2026-03-07 14:10:44 - INFO - 开始数据质量分析
2026-03-07 14:10:44 - INFO - [1] 开始缺失值分析...
2026-03-07 14:10:44 - INFO - [1] 缺失值分析完成：共 0 个缺失值
2026-03-07 14:10:44 - INFO - [2] 开始异常值检测...
2026-03-07 14:10:44 - DEBUG - 使用参数字典中的量程: D62AX002 -> [0.0, 100.0]
2026-03-07 14:10:44 - DEBUG - 使用参数字典中的量程: MSFLOW -> [0.0, 450.0]
2026-03-07 14:10:44 - DEBUG - 使用IQR方法计算量程: 2AH18CP01 -> [9.52, 12.11]
2026-03-07 14:10:44 - DEBUG - 使用参数字典中的量程: 2AH18CP002 -> [0.0, 10.0]
2026-03-07 14:10:44 - DEBUG - 使用参数字典中的量程: 2BK10CP004 -> [-2500.0, 2500.0]
2026-03-07 14:10:44 - DEBUG - 使用参数字典中的量程: 2BK2CP004 -> [-2500.0, 2500.0]
2026-03-07 14:10:44 - DEBUG - 使用参数字典中的量程: 2BK10CP005 -> [-2500.0, 2500.0]
2026-03-07 14:10:44 - DEBUG - 使用参数字典中的量程: 2BK2CP005 -> [-2500.0, 2500.0]
2026-03-07 14:10:44 - DEBUG - 使用IQR方法计算量程: 2LA10CP006 -> [11.78, 13.07]
2026-03-07 14:10:44 - DEBUG - 使用IQR方法计算量程: 2HLA2CP006 -> [11.81, 13.11]
2026-03-07 14:10:44 - DEBUG - 使用参数字典中的量程: D66P53A10 -> [0.0, 1500.0]
2026-03-07 14:10:44 - DEBUG - 使用IQR方法计算量程: 2LA10CT003 -> [26.74, 50.77]
2026-03-07 14:10:44 - DEBUG - 使用IQR方法计算量程: 2LA2CT003 -> [28.32, 49.75]
2026-03-07 14:10:44 - DEBUG - 使用参数字典中的量程: 2LA10CT11 -> [0.0, 1000.0]
2026-03-07 14:10:44 - DEBUG - 使用参数字典中的量程: 2LA2CT11 -> [0.0, 1000.0]
2026-03-07 14:10:44 - DEBUG - 使用IQR方法计算量程: 2BK10CQ1 -> [1.05, 6.60]
2026-03-07 14:10:44 - DEBUG - 使用IQR方法计算量程: 2BK2CQ1 -> [2.74, 7.49]
2026-03-07 14:10:44 - DEBUG - 使用IQR方法计算量程: 2BK2CQ2 -> [3.11, 5.66]
2026-03-07 14:10:44 - DEBUG - 使用IQR方法计算量程: 2DB11CP01 -> [32.37, 35.34]
2026-03-07 14:10:44 - DEBUG - 使用IQR方法计算量程: 2DB21CP01 -> [31.81, 34.52]
2026-03-07 14:10:44 - DEBUG - 使用参数字典中的量程: 2LB30CS901 -> [0.0, 1500.0]
2026-03-07 14:10:44 - DEBUG - 使用参数字典中的量程: 2BBA13Q11 -> [0.0, 200.0]
2026-03-07 14:10:44 - DEBUG - 使用IQR方法计算量程: 2LA30A12C11 -> [9.20, 54.63]
2026-03-07 14:10:44 - DEBUG - 使用IQR方法计算量程: 2HLA30CP01 -> [2.42, 7.79]
2026-03-07 14:10:44 - DEBUG - 使用IQR方法计算量程: 2LA30A11C01 -> [99.00, 99.00]
2026-03-07 14:10:44 - DEBUG - 使用参数字典中的量程: 2LB40CS901 -> [0.0, 1500.0]
2026-03-07 14:10:44 - DEBUG - 使用参数字典中的量程: 2BBB11Q11 -> [0.0, 200.0]
2026-03-07 14:10:44 - DEBUG - 使用IQR方法计算量程: 2LA40A12C11 -> [30.86, 62.29]
2026-03-07 14:10:44 - DEBUG - 使用IQR方法计算量程: 2LA40A11C01 -> [96.50, 100.50]
2026-03-07 14:10:44 - DEBUG - 使用IQR方法计算量程: 2LA40CP01 -> [3.02, 7.87]
2026-03-07 14:10:44 - DEBUG - 使用参数字典中的量程: 2LB10CS001 -> [0.0, 1500.0]
2026-03-07 14:10:44 - DEBUG - 使用参数字典中的量程: 2BBA14Q11 -> [0.0, 200.0]
2026-03-07 14:10:44 - DEBUG - 使用IQR方法计算量程: 2LA10A12C11 -> [21.08, 53.45]
2026-03-07 14:10:44 - DEBUG - 使用IQR方法计算量程: 2LA10CP01 -> [12.77, 14.36]
2026-03-07 14:10:44 - DEBUG - 使用IQR方法计算量程: APAFCDMD -> [96.50, 100.50]
2026-03-07 14:10:44 - DEBUG - 使用参数字典中的量程: 2LB20CS001 -> [0.0, 1500.0]
2026-03-07 14:10:44 - DEBUG - 使用参数字典中的量程: 2BBB12Q11 -> [0.0, 200.0]
2026-03-07 14:10:44 - DEBUG - 使用IQR方法计算量程: 2LA20A12C11 -> [34.16, 42.40]
2026-03-07 14:10:44 - DEBUG - 使用IQR方法计算量程: 2HLA2CP001 -> [12.60, 14.25]
2026-03-07 14:10:44 - DEBUG - 使用IQR方法计算量程: BPAFCDMD -> [100.00, 100.00]
2026-03-07 14:10:44 - DEBUG - 使用参数字典中的量程: 2NC10CS901 -> [0.0, 1500.0]
2026-03-07 14:10:44 - DEBUG - 使用参数字典中的量程: 2BBA15Q11 -> [0.0, 300.0]
2026-03-07 14:10:44 - DEBUG - 使用参数字典中的量程: DPU61AX107 -> [0.0, 100.0]
2026-03-07 14:10:44 - DEBUG - 使用参数字典中的量程: 2NA10CP004 -> [-20.0, 20.0]
2026-03-07 14:10:44 - DEBUG - 使用IQR方法计算量程: 2NC10A11C01 -> [99.00, 99.00]
2026-03-07 14:10:44 - DEBUG - 使用参数字典中的量程: 2NC2CS901 -> [0.0, 1500.0]
2026-03-07 14:10:44 - DEBUG - 使用参数字典中的量程: 2BBB13Q11 -> [0.0, 300.0]
2026-03-07 14:10:44 - DEBUG - 使用参数字典中的量程: DPU61AX108 -> [0.0, 100.0]
2026-03-07 14:10:44 - DEBUG - 使用参数字典中的量程: 2NA2CP004 -> [-20.0, 20.0]
2026-03-07 14:10:44 - DEBUG - 使用IQR方法计算量程: 2NC20A11C01 -> [97.50, 101.50]
2026-03-07 14:10:44 - DEBUG - 使用IQR方法计算量程: 2BK10CP01 -> [4.65, 7.14]
2026-03-07 14:10:44 - DEBUG - 使用IQR方法计算量程: 2BK10CP11 -> [2.79, 5.87]
2026-03-07 14:10:44 - DEBUG - 使用IQR方法计算量程: 2BK10CP12 -> [3.73, 6.58]
2026-03-07 14:10:44 - DEBUG - 使用IQR方法计算量程: 2BK2CP01 -> [4.30, 6.70]
2026-03-07 14:10:44 - DEBUG - 使用IQR方法计算量程: 2BK2CP11 -> [2.33, 5.21]
2026-03-07 14:10:44 - DEBUG - 使用IQR方法计算量程: 2BK2CP12 -> [3.26, 6.10]
2026-03-07 14:10:44 - DEBUG - 使用IQR方法计算量程: 2BK10CT226 -> [864.68, 913.10]
2026-03-07 14:10:44 - DEBUG - 使用IQR方法计算量程: 2BK10CT229 -> [860.35, 934.36]
2026-03-07 14:10:44 - DEBUG - 使用IQR方法计算量程: 2BK10CT232 -> [892.04, 936.77]
2026-03-07 14:10:44 - DEBUG - 使用IQR方法计算量程: 2BK2CT226 -> [898.57, 956.67]
2026-03-07 14:10:44 - DEBUG - 使用IQR方法计算量程: 2BK2CP11.1 -> [2.33, 5.21]
2026-03-07 14:10:44 - DEBUG - 使用IQR方法计算量程: 2BK2CT232 -> [889.19, 944.59]
2026-03-07 14:10:44 - DEBUG - 使用IQR方法计算量程: 2LA30CT11 -> [215.65, 230.63]
2026-03-07 14:10:44 - DEBUG - 使用IQR方法计算量程: 2LA40CT11 -> [215.02, 228.65]
2026-03-07 14:10:44 - INFO - [2] 异常值检测完成：共 100814 个异常值
2026-03-07 14:10:44 - INFO - [3] 开始时间连续性检查...
2026-03-07 14:10:44 - INFO - [3] 时间连续性检查完成：发现 15 个时间缺口
2026-03-07 14:10:44 - INFO - 数据质量分析完成！
2026-03-07 14:10:44 - INFO - [4] 正在生成 JSON 报告：/home/lifazhi/boiler-draft-helper/data/output/data_quality_report.json
2026-03-07 14:10:44 - INFO - [4] JSON 报告已保存：/home/lifazhi/boiler-draft-helper/data/output/data_quality_report.json
2026-03-07 14:10:44 - INFO - [5] 正在生成 Markdown 报告：/home/lifazhi/boiler-draft-helper/data/output/data_quality_report.md
2026-03-07 14:10:44 - INFO - [5] Markdown 报告已保存：/home/lifazhi/boiler-draft-helper/data/output/data_quality_report.md
2026-03-07 14:10:44 - INFO - 数据质量评估 Pipeline 完成！
2026-03-07 14:10:44 - INFO - JSON 报告：/home/lifazhi/boiler-draft-helper/data/output/data_quality_report.json
2026-03-07 14:10:44 - INFO - Markdown 报告：/home/lifazhi/boiler-draft-helper/data/output/data_quality_report.md
