2026-03-05 17:04:03 - boiler-draft-helper - ERROR - data_quality.py:248 - 数据文件不存在: data/output/all_data.feather
2026-03-07 12:46:57 - boiler-draft-helper - ERROR - data_loader.py:242 - 处理文件 锅炉2号机组-60秒2025年02月-online.xlsx 时出错: name 'clean_dataframe' is not defined
2026-03-07 12:46:57 - boiler-draft-helper - ERROR - data_loader.py:242 - 处理文件 锅炉2号机组-60秒2024年12月-online.xlsx 时出错: name 'clean_dataframe' is not defined
2026-03-07 12:46:57 - boiler-draft-helper - ERROR - data_loader.py:242 - 处理文件 锅炉2号机组-60秒2025年11月-online.xlsx 时出错: name 'clean_dataframe' is not defined
2026-03-07 12:46:57 - boiler-draft-helper - ERROR - data_loader.py:242 - 处理文件 锅炉2号机组-60秒2025年01月-online.xlsx 时出错: name 'clean_dataframe' is not defined
2026-03-07 12:46:57 - boiler-draft-helper - ERROR - data_loader.py:242 - 处理文件 锅炉2号机组-60秒2025年09月-online.xlsx 时出错: name 'clean_dataframe' is not defined
2026-03-07 12:46:57 - boiler-draft-helper - ERROR - data_loader.py:242 - 处理文件 锅炉2号机组-60秒2025年05月-online.xlsx 时出错: name 'clean_dataframe' is not defined
2026-03-07 12:46:57 - boiler-draft-helper - ERROR - data_loader.py:242 - 处理文件 锅炉2号机组-60秒2025年03月-online.xlsx 时出错: name 'clean_dataframe' is not defined
2026-03-07 12:46:57 - boiler-draft-helper - ERROR - data_loader.py:242 - 处理文件 锅炉2号机组-60秒2025年06月-online.xlsx 时出错: name 'clean_dataframe' is not defined
2026-03-07 12:46:57 - boiler-draft-helper - ERROR - data_loader.py:242 - 处理文件 锅炉2号机组-60秒2025年10月-online.xlsx 时出错: name 'clean_dataframe' is not defined
2026-03-07 12:46:57 - boiler-draft-helper - ERROR - data_loader.py:242 - 处理文件 锅炉2号机组-60秒2025年07月-online.xlsx 时出错: name 'clean_dataframe' is not defined
2026-03-07 12:46:57 - boiler-draft-helper - ERROR - data_loader.py:242 - 处理文件 锅炉2号机组-60秒2025年04月-online.xlsx 时出错: name 'clean_dataframe' is not defined
2026-03-07 12:46:57 - boiler-draft-helper - ERROR - data_loader.py:242 - 处理文件 锅炉2号机组-60秒2024年11月-online.xlsx 时出错: name 'clean_dataframe' is not defined
2026-03-07 12:46:57 - boiler-draft-helper - ERROR - data_loader.py:242 - 处理文件 锅炉2号机组-60秒2025年08月-online.xlsx 时出错: name 'clean_dataframe' is not defined
2026-03-07 12:46:57 - boiler-draft-helper - ERROR - data_loader.py:242 - 处理文件 锅炉2号机组-60秒2024年10月-online.xlsx 时出错: name 'clean_dataframe' is not defined
2026-03-07 12:46:57 - boiler-draft-helper - ERROR - data_loader.py:242 - 处理文件 锅炉2号机组-60秒2025年12月-online.xlsx 时出错: name 'clean_dataframe' is not defined
2026-03-07 12:47:07 - boiler-draft-helper - ERROR - data_loader.py:242 - 处理文件 锅炉2号机组-60秒2026年01月-online.xlsx 时出错: name 'clean_dataframe' is not defined
2026-03-07 12:47:07 - boiler-draft-helper - ERROR - data_loader.py:401 - 未加载到任何有效数据
2026-03-07 12:56:49 - boiler-draft-helper - ERROR - data_loader.py:432 - ❌ 未加载到任何有效数据
2026-03-07 13:13:32 - boiler-draft-helper - ERROR - data_loader.py:445 - ❌ 未加载到任何有效数据
2026-03-09 17:41:34 - boiler-draft-helper - ERROR - data_loader.py:422 - 未加载到任何有效数据
2026-03-09 17:50:15 - boiler-draft-helper - ERROR - data_loader.py:368 - 未加载到任何有效数据
2026-03-10 14:59:48 - boiler-draft-helper - ERROR - data_loader.py:109 - 读取文件 锅炉2号机组-60秒2026年01月-online.xlsx 页签 01 失败：DataLoader._remove_duplicate_columns() takes 2 positional arguments but 4 were given
2026-03-10 14:59:48 - boiler-draft-helper - ERROR - data_loader.py:109 - 读取文件 锅炉2号机组-60秒2025年08月-online.xlsx 页签 01 失败：DataLoader._remove_duplicate_columns() takes 2 positional arguments but 4 were given
2026-03-10 14:59:48 - boiler-draft-helper - ERROR - data_loader.py:109 - 读取文件 锅炉2号机组-60秒2025年06月-online.xlsx 页签 01 失败：DataLoader._remove_duplicate_columns() takes 2 positional arguments but 4 were given
2026-03-10 14:59:48 - boiler-draft-helper - ERROR - data_loader.py:109 - 读取文件 锅炉2号机组-60秒2025年04月-online.xlsx 页签 01 失败：DataLoader._remove_duplicate_columns() takes 2 positional arguments but 4 were given
2026-03-10 14:59:48 - boiler-draft-helper - ERROR - data_loader.py:109 - 读取文件 锅炉2号机组-60秒2025年02月-online.xlsx 页签 01 失败：DataLoader._remove_duplicate_columns() takes 2 positional arguments but 4 were given
2026-03-10 14:59:48 - boiler-draft-helper - ERROR - data_loader.py:109 - 读取文件 锅炉2号机组-60秒2025年11月-online.xlsx 页签 01 失败：DataLoader._remove_duplicate_columns() takes 2 positional arguments but 4 were given
2026-03-10 14:59:48 - boiler-draft-helper - ERROR - data_loader.py:109 - 读取文件 锅炉2号机组-60秒2024年11月-online.xlsx 页签 01 失败：DataLoader._remove_duplicate_columns() takes 2 positional arguments but 4 were given
2026-03-10 14:59:48 - boiler-draft-helper - ERROR - data_loader.py:109 - 读取文件 锅炉2号机组-60秒2024年10月-online.xlsx 页签 01 失败：DataLoader._remove_duplicate_columns() takes 2 positional arguments but 4 were given
2026-03-10 14:59:48 - boiler-draft-helper - ERROR - data_loader.py:109 - 读取文件 锅炉2号机组-60秒2025年03月-online.xlsx 页签 01 失败：DataLoader._remove_duplicate_columns() takes 2 positional arguments but 4 were given
2026-03-10 14:59:48 - boiler-draft-helper - ERROR - data_loader.py:109 - 读取文件 锅炉2号机组-60秒2025年07月-online.xlsx 页签 01 失败：DataLoader._remove_duplicate_columns() takes 2 positional arguments but 4 were given
2026-03-10 14:59:48 - boiler-draft-helper - ERROR - data_loader.py:109 - 读取文件 锅炉2号机组-60秒2025年12月-online.xlsx 页签 01 失败：DataLoader._remove_duplicate_columns() takes 2 positional arguments but 4 were given
2026-03-10 14:59:48 - boiler-draft-helper - ERROR - data_loader.py:109 - 读取文件 锅炉2号机组-60秒2025年01月-online.xlsx 页签 01 失败：DataLoader._remove_duplicate_columns() takes 2 positional arguments but 4 were given
2026-03-10 14:59:48 - boiler-draft-helper - ERROR - data_loader.py:109 - 读取文件 锅炉2号机组-60秒2024年12月-online.xlsx 页签 01 失败：DataLoader._remove_duplicate_columns() takes 2 positional arguments but 4 were given
2026-03-10 14:59:48 - boiler-draft-helper - ERROR - data_loader.py:109 - 读取文件 锅炉2号机组-60秒2025年05月-online.xlsx 页签 01 失败：DataLoader._remove_duplicate_columns() takes 2 positional arguments but 4 were given
2026-03-10 14:59:48 - boiler-draft-helper - ERROR - data_loader.py:109 - 读取文件 锅炉2号机组-60秒2025年10月-online.xlsx 页签 01 失败：DataLoader._remove_duplicate_columns() takes 2 positional arguments but 4 were given
2026-03-10 14:59:48 - boiler-draft-helper - ERROR - data_loader.py:109 - 读取文件 锅炉2号机组-60秒2025年09月-online.xlsx 页签 01 失败：DataLoader._remove_duplicate_columns() takes 2 positional arguments but 4 were given
2026-03-10 14:59:48 - boiler-draft-helper - ERROR - data_loader.py:109 - 读取文件 锅炉2号机组-60秒2026年01月-online.xlsx 页签 02 失败：DataLoader._remove_duplicate_columns() takes 2 positional arguments but 4 were given
2026-03-10 14:59:48 - boiler-draft-helper - ERROR - data_loader.py:109 - 读取文件 锅炉2号机组-60秒2025年08月-online.xlsx 页签 02 失败：DataLoader._remove_duplicate_columns() takes 2 positional arguments but 4 were given
2026-03-10 14:59:48 - boiler-draft-helper - ERROR - data_loader.py:109 - 读取文件 锅炉2号机组-60秒2024年10月-online.xlsx 页签 02 失败：DataLoader._remove_duplicate_columns() takes 2 positional arguments but 4 were given
2026-03-10 14:59:48 - boiler-draft-helper - ERROR - data_loader.py:109 - 读取文件 锅炉2号机组-60秒2025年07月-online.xlsx 页签 02 失败：DataLoader._remove_duplicate_columns() takes 2 positional arguments but 4 were given
2026-03-10 14:59:48 - boiler-draft-helper - ERROR - data_loader.py:109 - 读取文件 锅炉2号机组-60秒2025年06月-online.xlsx 页签 02 失败：DataLoader._remove_duplicate_columns() takes 2 positional arguments but 4 were given
2026-03-10 14:59:48 - boiler-draft-helper - ERROR - data_loader.py:109 - 读取文件 锅炉2号机组-60秒2025年03月-online.xlsx 页签 02 失败：DataLoader._remove_duplicate_columns() takes 2 positional arguments but 4 were given
2026-03-10 14:59:48 - boiler-draft-helper - ERROR - data_loader.py:109 - 读取文件 锅炉2号机组-60秒2025年04月-online.xlsx 页签 02 失败：DataLoader._remove_duplicate_columns() takes 2 positional arguments but 4 were given
2026-03-10 14:59:48 - boiler-draft-helper - ERROR - data_loader.py:109 - 读取文件 锅炉2号机组-60秒2025年12月-online.xlsx 页签 02 失败：DataLoader._remove_duplicate_columns() takes 2 positional arguments but 4 were given
2026-03-10 14:59:48 - boiler-draft-helper - ERROR - data_loader.py:109 - 读取文件 锅炉2号机组-60秒2025年11月-online.xlsx 页签 02 失败：DataLoader._remove_duplicate_columns() takes 2 positional arguments but 4 were given
2026-03-10 14:59:48 - boiler-draft-helper - ERROR - data_loader.py:109 - 读取文件 锅炉2号机组-60秒2025年01月-online.xlsx 页签 02 失败：DataLoader._remove_duplicate_columns() takes 2 positional arguments but 4 were given
2026-03-10 14:59:48 - boiler-draft-helper - ERROR - data_loader.py:109 - 读取文件 锅炉2号机组-60秒2025年02月-online.xlsx 页签 02 失败：DataLoader._remove_duplicate_columns() takes 2 positional arguments but 4 were given
2026-03-10 14:59:48 - boiler-draft-helper - ERROR - data_loader.py:109 - 读取文件 锅炉2号机组-60秒2024年11月-online.xlsx 页签 02 失败：DataLoader._remove_duplicate_columns() takes 2 positional arguments but 4 were given
2026-03-10 14:59:48 - boiler-draft-helper - ERROR - data_loader.py:109 - 读取文件 锅炉2号机组-60秒2024年12月-online.xlsx 页签 02 失败：DataLoader._remove_duplicate_columns() takes 2 positional arguments but 4 were given
2026-03-10 14:59:48 - boiler-draft-helper - ERROR - data_loader.py:109 - 读取文件 锅炉2号机组-60秒2025年05月-online.xlsx 页签 02 失败：DataLoader._remove_duplicate_columns() takes 2 positional arguments but 4 were given
2026-03-10 14:59:48 - boiler-draft-helper - ERROR - data_loader.py:109 - 读取文件 锅炉2号机组-60秒2025年10月-online.xlsx 页签 02 失败：DataLoader._remove_duplicate_columns() takes 2 positional arguments but 4 were given
2026-03-10 14:59:48 - boiler-draft-helper - ERROR - data_loader.py:109 - 读取文件 锅炉2号机组-60秒2025年09月-online.xlsx 页签 02 失败：DataLoader._remove_duplicate_columns() takes 2 positional arguments but 4 were given
2026-03-10 14:59:48 - boiler-draft-helper - ERROR - data_loader.py:109 - 读取文件 锅炉2号机组-60秒2026年01月-online.xlsx 页签 03 失败：DataLoader._remove_duplicate_columns() takes 2 positional arguments but 4 were given
2026-03-10 14:59:49 - boiler-draft-helper - ERROR - data_loader.py:109 - 读取文件 锅炉2号机组-60秒2024年10月-online.xlsx 页签 03 失败：DataLoader._remove_duplicate_columns() takes 2 positional arguments but 4 were given
2026-03-10 14:59:49 - boiler-draft-helper - ERROR - data_loader.py:109 - 读取文件 锅炉2号机组-60秒2025年08月-online.xlsx 页签 03 失败：DataLoader._remove_duplicate_columns() takes 2 positional arguments but 4 were given
2026-03-10 14:59:49 - boiler-draft-helper - ERROR - data_loader.py:109 - 读取文件 锅炉2号机组-60秒2025年07月-online.xlsx 页签 03 失败：DataLoader._remove_duplicate_columns() takes 2 positional arguments but 4 were given
2026-03-10 14:59:49 - boiler-draft-helper - ERROR - data_loader.py:109 - 读取文件 锅炉2号机组-60秒2025年03月-online.xlsx 页签 03 失败：DataLoader._remove_duplicate_columns() takes 2 positional arguments but 4 were given
2026-03-10 14:59:49 - boiler-draft-helper - ERROR - data_loader.py:109 - 读取文件 锅炉2号机组-60秒2025年06月-online.xlsx 页签 03 失败：DataLoader._remove_duplicate_columns() takes 2 positional arguments but 4 were given
2026-03-10 14:59:49 - boiler-draft-helper - ERROR - data_loader.py:109 - 读取文件 锅炉2号机组-60秒2025年12月-online.xlsx 页签 03 失败：DataLoader._remove_duplicate_columns() takes 2 positional arguments but 4 were given
2026-03-10 14:59:49 - boiler-draft-helper - ERROR - data_loader.py:109 - 读取文件 锅炉2号机组-60秒2025年04月-online.xlsx 页签 03 失败：DataLoader._remove_duplicate_columns() takes 2 positional arguments but 4 were given
2026-03-10 14:59:49 - boiler-draft-helper - ERROR - data_loader.py:109 - 读取文件 锅炉2号机组-60秒2025年01月-online.xlsx 页签 03 失败：DataLoader._remove_duplicate_columns() takes 2 positional arguments but 4 were given
2026-03-10 14:59:49 - boiler-draft-helper - ERROR - data_loader.py:109 - 读取文件 锅炉2号机组-60秒2025年11月-online.xlsx 页签 03 失败：DataLoader._remove_duplicate_columns() takes 2 positional arguments but 4 were given
2026-03-10 14:59:49 - boiler-draft-helper - ERROR - data_loader.py:109 - 读取文件 锅炉2号机组-60秒2025年02月-online.xlsx 页签 03 失败：DataLoader._remove_duplicate_columns() takes 2 positional arguments but 4 were given
2026-03-10 14:59:49 - boiler-draft-helper - ERROR - data_loader.py:109 - 读取文件 锅炉2号机组-60秒2024年11月-online.xlsx 页签 03 失败：DataLoader._remove_duplicate_columns() takes 2 positional arguments but 4 were given
2026-03-10 14:59:49 - boiler-draft-helper - ERROR - data_loader.py:109 - 读取文件 锅炉2号机组-60秒2025年05月-online.xlsx 页签 03 失败：DataLoader._remove_duplicate_columns() takes 2 positional arguments but 4 were given
2026-03-10 14:59:49 - boiler-draft-helper - ERROR - data_loader.py:109 - 读取文件 锅炉2号机组-60秒2024年12月-online.xlsx 页签 03 失败：DataLoader._remove_duplicate_columns() takes 2 positional arguments but 4 were given
2026-03-10 14:59:49 - boiler-draft-helper - ERROR - data_loader.py:109 - 读取文件 锅炉2号机组-60秒2025年10月-online.xlsx 页签 03 失败：DataLoader._remove_duplicate_columns() takes 2 positional arguments but 4 were given
2026-03-10 14:59:49 - boiler-draft-helper - ERROR - data_loader.py:109 - 读取文件 锅炉2号机组-60秒2025年09月-online.xlsx 页签 03 失败：DataLoader._remove_duplicate_columns() takes 2 positional arguments but 4 were given
2026-03-10 14:59:49 - boiler-draft-helper - ERROR - data_loader.py:109 - 读取文件 锅炉2号机组-60秒2026年01月-online.xlsx 页签 04 失败：DataLoader._remove_duplicate_columns() takes 2 positional arguments but 4 were given
2026-03-10 14:59:49 - boiler-draft-helper - ERROR - data_loader.py:109 - 读取文件 锅炉2号机组-60秒2025年08月-online.xlsx 页签 04 失败：DataLoader._remove_duplicate_columns() takes 2 positional arguments but 4 were given
2026-03-10 14:59:49 - boiler-draft-helper - ERROR - data_loader.py:109 - 读取文件 锅炉2号机组-60秒2024年10月-online.xlsx 页签 04 失败：DataLoader._remove_duplicate_columns() takes 2 positional arguments but 4 were given
2026-03-10 14:59:49 - boiler-draft-helper - ERROR - data_loader.py:109 - 读取文件 锅炉2号机组-60秒2025年07月-online.xlsx 页签 04 失败：DataLoader._remove_duplicate_columns() takes 2 positional arguments but 4 were given
2026-03-10 14:59:49 - boiler-draft-helper - ERROR - data_loader.py:109 - 读取文件 锅炉2号机组-60秒2025年04月-online.xlsx 页签 04 失败：DataLoader._remove_duplicate_columns() takes 2 positional arguments but 4 were given
2026-03-10 14:59:49 - boiler-draft-helper - ERROR - data_loader.py:109 - 读取文件 锅炉2号机组-60秒2025年06月-online.xlsx 页签 04 失败：DataLoader._remove_duplicate_columns() takes 2 positional arguments but 4 were given
2026-03-10 14:59:49 - boiler-draft-helper - ERROR - data_loader.py:109 - 读取文件 锅炉2号机组-60秒2025年12月-online.xlsx 页签 04 失败：DataLoader._remove_duplicate_columns() takes 2 positional arguments but 4 were given
2026-03-10 14:59:49 - boiler-draft-helper - ERROR - data_loader.py:109 - 读取文件 锅炉2号机组-60秒2025年03月-online.xlsx 页签 04 失败：DataLoader._remove_duplicate_columns() takes 2 positional arguments but 4 were given
2026-03-10 14:59:49 - boiler-draft-helper - ERROR - data_loader.py:109 - 读取文件 锅炉2号机组-60秒2025年11月-online.xlsx 页签 04 失败：DataLoader._remove_duplicate_columns() takes 2 positional arguments but 4 were given
2026-03-10 14:59:49 - boiler-draft-helper - ERROR - data_loader.py:109 - 读取文件 锅炉2号机组-60秒2025年01月-online.xlsx 页签 04 失败：DataLoader._remove_duplicate_columns() takes 2 positional arguments but 4 were given
2026-03-10 14:59:49 - boiler-draft-helper - ERROR - data_loader.py:109 - 读取文件 锅炉2号机组-60秒2025年02月-online.xlsx 页签 04 失败：DataLoader._remove_duplicate_columns() takes 2 positional arguments but 4 were given
2026-03-10 14:59:49 - boiler-draft-helper - ERROR - data_loader.py:109 - 读取文件 锅炉2号机组-60秒2024年11月-online.xlsx 页签 04 失败：DataLoader._remove_duplicate_columns() takes 2 positional arguments but 4 were given
2026-03-10 14:59:49 - boiler-draft-helper - ERROR - data_loader.py:109 - 读取文件 锅炉2号机组-60秒2026年01月-online.xlsx 页签 05 失败：DataLoader._remove_duplicate_columns() takes 2 positional arguments but 4 were given
2026-03-10 14:59:49 - boiler-draft-helper - ERROR - data_loader.py:109 - 读取文件 锅炉2号机组-60秒2025年05月-online.xlsx 页签 04 失败：DataLoader._remove_duplicate_columns() takes 2 positional arguments but 4 were given
2026-03-10 14:59:49 - boiler-draft-helper - ERROR - data_loader.py:109 - 读取文件 锅炉2号机组-60秒2024年12月-online.xlsx 页签 04 失败：DataLoader._remove_duplicate_columns() takes 2 positional arguments but 4 were given
2026-03-10 14:59:49 - boiler-draft-helper - ERROR - data_loader.py:109 - 读取文件 锅炉2号机组-60秒2025年09月-online.xlsx 页签 04 失败：DataLoader._remove_duplicate_columns() takes 2 positional arguments but 4 were given
2026-03-10 14:59:49 - boiler-draft-helper - ERROR - data_loader.py:109 - 读取文件 锅炉2号机组-60秒2025年10月-online.xlsx 页签 04 失败：DataLoader._remove_duplicate_columns() takes 2 positional arguments but 4 were given
2026-03-10 14:59:50 - boiler-draft-helper - ERROR - data_loader.py:109 - 读取文件 锅炉2号机组-60秒2025年08月-online.xlsx 页签 05 失败：DataLoader._remove_duplicate_columns() takes 2 positional arguments but 4 were given
2026-03-10 14:59:50 - boiler-draft-helper - ERROR - data_loader.py:109 - 读取文件 锅炉2号机组-60秒2026年01月-online.xlsx 页签 06 失败：DataLoader._remove_duplicate_columns() takes 2 positional arguments but 4 were given
2026-03-10 14:59:50 - boiler-draft-helper - ERROR - data_loader.py:109 - 读取文件 锅炉2号机组-60秒2025年06月-online.xlsx 页签 05 失败：DataLoader._remove_duplicate_columns() takes 2 positional arguments but 4 were given
2026-03-10 14:59:50 - boiler-draft-helper - ERROR - data_loader.py:109 - 读取文件 锅炉2号机组-60秒2024年10月-online.xlsx 页签 05 失败：DataLoader._remove_duplicate_columns() takes 2 positional arguments but 4 were given
2026-03-10 14:59:50 - boiler-draft-helper - ERROR - data_loader.py:109 - 读取文件 锅炉2号机组-60秒2025年04月-online.xlsx 页签 05 失败：DataLoader._remove_duplicate_columns() takes 2 positional arguments but 4 were given
2026-03-10 14:59:50 - boiler-draft-helper - ERROR - data_loader.py:109 - 读取文件 锅炉2号机组-60秒2025年11月-online.xlsx 页签 05 失败：DataLoader._remove_duplicate_columns() takes 2 positional arguments but 4 were given
2026-03-10 14:59:50 - boiler-draft-helper - ERROR - data_loader.py:109 - 读取文件 锅炉2号机组-60秒2025年07月-online.xlsx 页签 05 失败：DataLoader._remove_duplicate_columns() takes 2 positional arguments but 4 were given
2026-03-10 14:59:50 - boiler-draft-helper - ERROR - data_loader.py:109 - 读取文件 锅炉2号机组-60秒2025年03月-online.xlsx 页签 05 失败：DataLoader._remove_duplicate_columns() takes 2 positional arguments but 4 were given
2026-03-10 14:59:50 - boiler-draft-helper - ERROR - data_loader.py:109 - 读取文件 锅炉2号机组-60秒2025年12月-online.xlsx 页签 05 失败：DataLoader._remove_duplicate_columns() takes 2 positional arguments but 4 were given
2026-03-10 14:59:50 - boiler-draft-helper - ERROR - data_loader.py:109 - 读取文件 锅炉2号机组-60秒2025年02月-online.xlsx 页签 05 失败：DataLoader._remove_duplicate_columns() takes 2 positional arguments but 4 were given
2026-03-10 14:59:50 - boiler-draft-helper - ERROR - data_loader.py:109 - 读取文件 锅炉2号机组-60秒2024年11月-online.xlsx 页签 05 失败：DataLoader._remove_duplicate_columns() takes 2 positional arguments but 4 were given
2026-03-10 14:59:50 - boiler-draft-helper - ERROR - data_loader.py:109 - 读取文件 锅炉2号机组-60秒2025年01月-online.xlsx 页签 05 失败：DataLoader._remove_duplicate_columns() takes 2 positional arguments but 4 were given
2026-03-10 14:59:50 - boiler-draft-helper - ERROR - data_loader.py:109 - 读取文件 锅炉2号机组-60秒2024年12月-online.xlsx 页签 05 失败：DataLoader._remove_duplicate_columns() takes 2 positional arguments but 4 were given
2026-03-10 14:59:50 - boiler-draft-helper - ERROR - data_loader.py:109 - 读取文件 锅炉2号机组-60秒2025年10月-online.xlsx 页签 05 失败：DataLoader._remove_duplicate_columns() takes 2 positional arguments but 4 were given
2026-03-10 14:59:50 - boiler-draft-helper - ERROR - data_loader.py:109 - 读取文件 锅炉2号机组-60秒2025年05月-online.xlsx 页签 05 失败：DataLoader._remove_duplicate_columns() takes 2 positional arguments but 4 were given
2026-03-10 14:59:50 - boiler-draft-helper - ERROR - data_loader.py:109 - 读取文件 锅炉2号机组-60秒2025年09月-online.xlsx 页签 05 失败：DataLoader._remove_duplicate_columns() takes 2 positional arguments but 4 were given
2026-03-10 14:59:50 - boiler-draft-helper - ERROR - data_loader.py:109 - 读取文件 锅炉2号机组-60秒2026年01月-online.xlsx 页签 07 失败：DataLoader._remove_duplicate_columns() takes 2 positional arguments but 4 were given
2026-03-10 14:59:50 - boiler-draft-helper - ERROR - data_loader.py:109 - 读取文件 锅炉2号机组-60秒2025年08月-online.xlsx 页签 06 失败：DataLoader._remove_duplicate_columns() takes 2 positional arguments but 4 were given
2026-03-10 14:59:50 - boiler-draft-helper - ERROR - data_loader.py:109 - 读取文件 锅炉2号机组-60秒2025年06月-online.xlsx 页签 06 失败：DataLoader._remove_duplicate_columns() takes 2 positional arguments but 4 were given
2026-03-10 14:59:50 - boiler-draft-helper - ERROR - data_loader.py:109 - 读取文件 锅炉2号机组-60秒2024年10月-online.xlsx 页签 06 失败：DataLoader._remove_duplicate_columns() takes 2 positional arguments but 4 were given
2026-03-10 14:59:50 - boiler-draft-helper - ERROR - data_loader.py:109 - 读取文件 锅炉2号机组-60秒2025年11月-online.xlsx 页签 06 失败：DataLoader._remove_duplicate_columns() takes 2 positional arguments but 4 were given
2026-03-10 14:59:50 - boiler-draft-helper - ERROR - data_loader.py:109 - 读取文件 锅炉2号机组-60秒2025年03月-online.xlsx 页签 06 失败：DataLoader._remove_duplicate_columns() takes 2 positional arguments but 4 were given
2026-03-10 14:59:50 - boiler-draft-helper - ERROR - data_loader.py:109 - 读取文件 锅炉2号机组-60秒2025年04月-online.xlsx 页签 06 失败：DataLoader._remove_duplicate_columns() takes 2 positional arguments but 4 were given
2026-03-10 14:59:50 - boiler-draft-helper - ERROR - data_loader.py:109 - 读取文件 锅炉2号机组-60秒2025年02月-online.xlsx 页签 06 失败：DataLoader._remove_duplicate_columns() takes 2 positional arguments but 4 were given
2026-03-10 14:59:50 - boiler-draft-helper - ERROR - data_loader.py:109 - 读取文件 锅炉2号机组-60秒2024年11月-online.xlsx 页签 06 失败：DataLoader._remove_duplicate_columns() takes 2 positional arguments but 4 were given
2026-03-10 14:59:50 - boiler-draft-helper - ERROR - data_loader.py:109 - 读取文件 锅炉2号机组-60秒2025年12月-online.xlsx 页签 06 失败：DataLoader._remove_duplicate_columns() takes 2 positional arguments but 4 were given
2026-03-10 14:59:50 - boiler-draft-helper - ERROR - data_loader.py:109 - 读取文件 锅炉2号机组-60秒2025年07月-online.xlsx 页签 06 失败：DataLoader._remove_duplicate_columns() takes 2 positional arguments but 4 were given
2026-03-10 14:59:50 - boiler-draft-helper - ERROR - data_loader.py:109 - 读取文件 锅炉2号机组-60秒2025年01月-online.xlsx 页签 06 失败：DataLoader._remove_duplicate_columns() takes 2 positional arguments but 4 were given
2026-03-10 14:59:50 - boiler-draft-helper - ERROR - data_loader.py:109 - 读取文件 锅炉2号机组-60秒2025年10月-online.xlsx 页签 06 失败：DataLoader._remove_duplicate_columns() takes 2 positional arguments but 4 were given
2026-03-10 14:59:50 - boiler-draft-helper - ERROR - data_loader.py:109 - 读取文件 锅炉2号机组-60秒2025年05月-online.xlsx 页签 06 失败：DataLoader._remove_duplicate_columns() takes 2 positional arguments but 4 were given
2026-03-10 14:59:50 - boiler-draft-helper - ERROR - data_loader.py:109 - 读取文件 锅炉2号机组-60秒2025年09月-online.xlsx 页签 06 失败：DataLoader._remove_duplicate_columns() takes 2 positional arguments but 4 were given
2026-03-10 14:59:50 - boiler-draft-helper - ERROR - data_loader.py:109 - 读取文件 锅炉2号机组-60秒2024年12月-online.xlsx 页签 06 失败：DataLoader._remove_duplicate_columns() takes 2 positional arguments but 4 were given
2026-03-10 14:59:50 - boiler-draft-helper - ERROR - data_loader.py:109 - 读取文件 锅炉2号机组-60秒2026年01月-online.xlsx 页签 08 失败：DataLoader._remove_duplicate_columns() takes 2 positional arguments but 4 were given
2026-03-10 14:59:51 - boiler-draft-helper - ERROR - data_loader.py:109 - 读取文件 锅炉2号机组-60秒2025年08月-online.xlsx 页签 07 失败：DataLoader._remove_duplicate_columns() takes 2 positional arguments but 4 were given
2026-03-10 14:59:51 - boiler-draft-helper - ERROR - data_loader.py:109 - 读取文件 锅炉2号机组-60秒2025年06月-online.xlsx 页签 07 失败：DataLoader._remove_duplicate_columns() takes 2 positional arguments but 4 were given
2026-03-10 14:59:51 - boiler-draft-helper - ERROR - data_loader.py:109 - 读取文件 锅炉2号机组-60秒2025年11月-online.xlsx 页签 07 失败：DataLoader._remove_duplicate_columns() takes 2 positional arguments but 4 were given
2026-03-10 14:59:51 - boiler-draft-helper - ERROR - data_loader.py:109 - 读取文件 锅炉2号机组-60秒2025年03月-online.xlsx 页签 07 失败：DataLoader._remove_duplicate_columns() takes 2 positional arguments but 4 were given
2026-03-10 14:59:51 - boiler-draft-helper - ERROR - data_loader.py:109 - 读取文件 锅炉2号机组-60秒2025年04月-online.xlsx 页签 07 失败：DataLoader._remove_duplicate_columns() takes 2 positional arguments but 4 were given
2026-03-10 14:59:51 - boiler-draft-helper - ERROR - data_loader.py:109 - 读取文件 锅炉2号机组-60秒2024年11月-online.xlsx 页签 07 失败：DataLoader._remove_duplicate_columns() takes 2 positional arguments but 4 were given
2026-03-10 14:59:51 - boiler-draft-helper - ERROR - data_loader.py:109 - 读取文件 锅炉2号机组-60秒2024年10月-online.xlsx 页签 07 失败：DataLoader._remove_duplicate_columns() takes 2 positional arguments but 4 were given
2026-03-10 14:59:51 - boiler-draft-helper - ERROR - data_loader.py:109 - 读取文件 锅炉2号机组-60秒2025年02月-online.xlsx 页签 07 失败：DataLoader._remove_duplicate_columns() takes 2 positional arguments but 4 were given
2026-03-10 14:59:51 - boiler-draft-helper - ERROR - data_loader.py:109 - 读取文件 锅炉2号机组-60秒2025年12月-online.xlsx 页签 07 失败：DataLoader._remove_duplicate_columns() takes 2 positional arguments but 4 were given
2026-03-10 14:59:51 - boiler-draft-helper - ERROR - data_loader.py:109 - 读取文件 锅炉2号机组-60秒2025年01月-online.xlsx 页签 07 失败：DataLoader._remove_duplicate_columns() takes 2 positional arguments but 4 were given
2026-03-10 14:59:51 - boiler-draft-helper - ERROR - data_loader.py:109 - 读取文件 锅炉2号机组-60秒2025年10月-online.xlsx 页签 07 失败：DataLoader._remove_duplicate_columns() takes 2 positional arguments but 4 were given
2026-03-10 14:59:51 - boiler-draft-helper - ERROR - data_loader.py:109 - 读取文件 锅炉2号机组-60秒2025年07月-online.xlsx 页签 07 失败：DataLoader._remove_duplicate_columns() takes 2 positional arguments but 4 were given
2026-03-10 14:59:51 - boiler-draft-helper - ERROR - data_loader.py:109 - 读取文件 锅炉2号机组-60秒2025年05月-online.xlsx 页签 07 失败：DataLoader._remove_duplicate_columns() takes 2 positional arguments but 4 were given
2026-03-10 14:59:51 - boiler-draft-helper - ERROR - data_loader.py:109 - 读取文件 锅炉2号机组-60秒2025年09月-online.xlsx 页签 07 失败：DataLoader._remove_duplicate_columns() takes 2 positional arguments but 4 were given
2026-03-10 14:59:51 - boiler-draft-helper - ERROR - data_loader.py:109 - 读取文件 锅炉2号机组-60秒2024年12月-online.xlsx 页签 07 失败：DataLoader._remove_duplicate_columns() takes 2 positional arguments but 4 were given
2026-03-10 14:59:51 - boiler-draft-helper - ERROR - data_loader.py:109 - 读取文件 锅炉2号机组-60秒2026年01月-online.xlsx 页签 10 失败：DataLoader._remove_duplicate_columns() takes 2 positional arguments but 4 were given
2026-03-10 14:59:51 - boiler-draft-helper - ERROR - data_loader.py:109 - 读取文件 锅炉2号机组-60秒2025年08月-online.xlsx 页签 08 失败：DataLoader._remove_duplicate_columns() takes 2 positional arguments but 4 were given
2026-03-10 14:59:51 - boiler-draft-helper - ERROR - data_loader.py:109 - 读取文件 锅炉2号机组-60秒2025年06月-online.xlsx 页签 08 失败：DataLoader._remove_duplicate_columns() takes 2 positional arguments but 4 were given
2026-03-10 14:59:51 - boiler-draft-helper - ERROR - data_loader.py:109 - 读取文件 锅炉2号机组-60秒2025年03月-online.xlsx 页签 08 失败：DataLoader._remove_duplicate_columns() takes 2 positional arguments but 4 were given
2026-03-10 14:59:51 - boiler-draft-helper - ERROR - data_loader.py:109 - 读取文件 锅炉2号机组-60秒2025年11月-online.xlsx 页签 08 失败：DataLoader._remove_duplicate_columns() takes 2 positional arguments but 4 were given
2026-03-10 14:59:51 - boiler-draft-helper - ERROR - data_loader.py:109 - 读取文件 锅炉2号机组-60秒2025年12月-online.xlsx 页签 08 失败：DataLoader._remove_duplicate_columns() takes 2 positional arguments but 4 were given
2026-03-10 14:59:51 - boiler-draft-helper - ERROR - data_loader.py:109 - 读取文件 锅炉2号机组-60秒2024年11月-online.xlsx 页签 08 失败：DataLoader._remove_duplicate_columns() takes 2 positional arguments but 4 were given
2026-03-10 14:59:51 - boiler-draft-helper - ERROR - data_loader.py:109 - 读取文件 锅炉2号机组-60秒2025年04月-online.xlsx 页签 08 失败：DataLoader._remove_duplicate_columns() takes 2 positional arguments but 4 were given
2026-03-10 14:59:51 - boiler-draft-helper - ERROR - data_loader.py:109 - 读取文件 锅炉2号机组-60秒2025年02月-online.xlsx 页签 08 失败：DataLoader._remove_duplicate_columns() takes 2 positional arguments but 4 were given
2026-03-10 14:59:51 - boiler-draft-helper - ERROR - data_loader.py:109 - 读取文件 锅炉2号机组-60秒2024年10月-online.xlsx 页签 08 失败：DataLoader._remove_duplicate_columns() takes 2 positional arguments but 4 were given
2026-03-10 14:59:51 - boiler-draft-helper - ERROR - data_loader.py:109 - 读取文件 锅炉2号机组-60秒2025年01月-online.xlsx 页签 08 失败：DataLoader._remove_duplicate_columns() takes 2 positional arguments but 4 were given
2026-03-10 14:59:51 - boiler-draft-helper - ERROR - data_loader.py:109 - 读取文件 锅炉2号机组-60秒2025年05月-online.xlsx 页签 08 失败：DataLoader._remove_duplicate_columns() takes 2 positional arguments but 4 were given
2026-03-10 14:59:51 - boiler-draft-helper - ERROR - data_loader.py:109 - 读取文件 锅炉2号机组-60秒2025年07月-online.xlsx 页签 08 失败：DataLoader._remove_duplicate_columns() takes 2 positional arguments but 4 were given
2026-03-10 14:59:51 - boiler-draft-helper - ERROR - data_loader.py:109 - 读取文件 锅炉2号机组-60秒2025年10月-online.xlsx 页签 08 失败：DataLoader._remove_duplicate_columns() takes 2 positional arguments but 4 were given
2026-03-10 14:59:51 - boiler-draft-helper - ERROR - data_loader.py:109 - 读取文件 锅炉2号机组-60秒2025年09月-online.xlsx 页签 08 失败：DataLoader._remove_duplicate_columns() takes 2 positional arguments but 4 were given
2026-03-10 14:59:51 - boiler-draft-helper - ERROR - data_loader.py:109 - 读取文件 锅炉2号机组-60秒2024年12月-online.xlsx 页签 08 失败：DataLoader._remove_duplicate_columns() takes 2 positional arguments but 4 were given
2026-03-10 14:59:51 - boiler-draft-helper - ERROR - data_loader.py:109 - 读取文件 锅炉2号机组-60秒2026年01月-online.xlsx 页签 11 失败：DataLoader._remove_duplicate_columns() takes 2 positional arguments but 4 were given
2026-03-10 14:59:52 - boiler-draft-helper - ERROR - data_loader.py:109 - 读取文件 锅炉2号机组-60秒2025年08月-online.xlsx 页签 09 失败：DataLoader._remove_duplicate_columns() takes 2 positional arguments but 4 were given
2026-03-10 14:59:52 - boiler-draft-helper - ERROR - data_loader.py:109 - 读取文件 锅炉2号机组-60秒2025年06月-online.xlsx 页签 09 失败：DataLoader._remove_duplicate_columns() takes 2 positional arguments but 4 were given
2026-03-10 14:59:52 - boiler-draft-helper - ERROR - data_loader.py:109 - 读取文件 锅炉2号机组-60秒2025年03月-online.xlsx 页签 09 失败：DataLoader._remove_duplicate_columns() takes 2 positional arguments but 4 were given
2026-03-10 14:59:52 - boiler-draft-helper - ERROR - data_loader.py:109 - 读取文件 锅炉2号机组-60秒2024年11月-online.xlsx 页签 09 失败：DataLoader._remove_duplicate_columns() takes 2 positional arguments but 4 were given
2026-03-10 14:59:52 - boiler-draft-helper - ERROR - data_loader.py:109 - 读取文件 锅炉2号机组-60秒2025年12月-online.xlsx 页签 09 失败：DataLoader._remove_duplicate_columns() takes 2 positional arguments but 4 were given
2026-03-10 14:59:52 - boiler-draft-helper - ERROR - data_loader.py:109 - 读取文件 锅炉2号机组-60秒2025年11月-online.xlsx 页签 09 失败：DataLoader._remove_duplicate_columns() takes 2 positional arguments but 4 were given
2026-03-10 14:59:52 - boiler-draft-helper - ERROR - data_loader.py:109 - 读取文件 锅炉2号机组-60秒2024年10月-online.xlsx 页签 09 失败：DataLoader._remove_duplicate_columns() takes 2 positional arguments but 4 were given
2026-03-10 14:59:52 - boiler-draft-helper - ERROR - data_loader.py:109 - 读取文件 锅炉2号机组-60秒2025年02月-online.xlsx 页签 09 失败：DataLoader._remove_duplicate_columns() takes 2 positional arguments but 4 were given
2026-03-10 14:59:52 - boiler-draft-helper - ERROR - data_loader.py:109 - 读取文件 锅炉2号机组-60秒2025年04月-online.xlsx 页签 09 失败：DataLoader._remove_duplicate_columns() takes 2 positional arguments but 4 were given
2026-03-10 14:59:52 - boiler-draft-helper - ERROR - data_loader.py:109 - 读取文件 锅炉2号机组-60秒2025年01月-online.xlsx 页签 09 失败：DataLoader._remove_duplicate_columns() takes 2 positional arguments but 4 were given
2026-03-10 14:59:52 - boiler-draft-helper - ERROR - data_loader.py:109 - 读取文件 锅炉2号机组-60秒2025年07月-online.xlsx 页签 09 失败：DataLoader._remove_duplicate_columns() takes 2 positional arguments but 4 were given
2026-03-10 14:59:52 - boiler-draft-helper - ERROR - data_loader.py:109 - 读取文件 锅炉2号机组-60秒2026年01月-online.xlsx 页签 12 失败：DataLoader._remove_duplicate_columns() takes 2 positional arguments but 4 were given
2026-03-10 14:59:52 - boiler-draft-helper - ERROR - data_loader.py:109 - 读取文件 锅炉2号机组-60秒2025年10月-online.xlsx 页签 09 失败：DataLoader._remove_duplicate_columns() takes 2 positional arguments but 4 were given
2026-03-10 14:59:52 - boiler-draft-helper - ERROR - data_loader.py:109 - 读取文件 锅炉2号机组-60秒2025年05月-online.xlsx 页签 09 失败：DataLoader._remove_duplicate_columns() takes 2 positional arguments but 4 were given
2026-03-10 14:59:52 - boiler-draft-helper - ERROR - data_loader.py:109 - 读取文件 锅炉2号机组-60秒2025年09月-online.xlsx 页签 09 失败：DataLoader._remove_duplicate_columns() takes 2 positional arguments but 4 were given
2026-03-10 14:59:52 - boiler-draft-helper - ERROR - data_loader.py:109 - 读取文件 锅炉2号机组-60秒2024年12月-online.xlsx 页签 09 失败：DataLoader._remove_duplicate_columns() takes 2 positional arguments but 4 were given
2026-03-10 14:59:52 - boiler-draft-helper - ERROR - data_loader.py:109 - 读取文件 锅炉2号机组-60秒2025年08月-online.xlsx 页签 10 失败：DataLoader._remove_duplicate_columns() takes 2 positional arguments but 4 were given
2026-03-10 14:59:52 - boiler-draft-helper - ERROR - data_loader.py:109 - 读取文件 锅炉2号机组-60秒2025年06月-online.xlsx 页签 10 失败：DataLoader._remove_duplicate_columns() takes 2 positional arguments but 4 were given
2026-03-10 14:59:52 - boiler-draft-helper - ERROR - data_loader.py:109 - 读取文件 锅炉2号机组-60秒2025年03月-online.xlsx 页签 10 失败：DataLoader._remove_duplicate_columns() takes 2 positional arguments but 4 were given
2026-03-10 14:59:52 - boiler-draft-helper - ERROR - data_loader.py:109 - 读取文件 锅炉2号机组-60秒2026年01月-online.xlsx 页签 13 失败：DataLoader._remove_duplicate_columns() takes 2 positional arguments but 4 were given
2026-03-10 14:59:52 - boiler-draft-helper - ERROR - data_loader.py:109 - 读取文件 锅炉2号机组-60秒2024年11月-online.xlsx 页签 10 失败：DataLoader._remove_duplicate_columns() takes 2 positional arguments but 4 were given
2026-03-10 14:59:52 - boiler-draft-helper - ERROR - data_loader.py:109 - 读取文件 锅炉2号机组-60秒2025年11月-online.xlsx 页签 10 失败：DataLoader._remove_duplicate_columns() takes 2 positional arguments but 4 were given
2026-03-10 14:59:52 - boiler-draft-helper - ERROR - data_loader.py:109 - 读取文件 锅炉2号机组-60秒2025年12月-online.xlsx 页签 10 失败：DataLoader._remove_duplicate_columns() takes 2 positional arguments but 4 were given
2026-03-10 14:59:52 - boiler-draft-helper - ERROR - data_loader.py:109 - 读取文件 锅炉2号机组-60秒2025年04月-online.xlsx 页签 10 失败：DataLoader._remove_duplicate_columns() takes 2 positional arguments but 4 were given
2026-03-10 14:59:52 - boiler-draft-helper - ERROR - data_loader.py:109 - 读取文件 锅炉2号机组-60秒2025年02月-online.xlsx 页签 10 失败：DataLoader._remove_duplicate_columns() takes 2 positional arguments but 4 were given
2026-03-10 14:59:52 - boiler-draft-helper - ERROR - data_loader.py:109 - 读取文件 锅炉2号机组-60秒2024年10月-online.xlsx 页签 10 失败：DataLoader._remove_duplicate_columns() takes 2 positional arguments but 4 were given
2026-03-10 14:59:52 - boiler-draft-helper - ERROR - data_loader.py:109 - 读取文件 锅炉2号机组-60秒2025年01月-online.xlsx 页签 10 失败：DataLoader._remove_duplicate_columns() takes 2 positional arguments but 4 were given
2026-03-10 14:59:52 - boiler-draft-helper - ERROR - data_loader.py:109 - 读取文件 锅炉2号机组-60秒2025年10月-online.xlsx 页签 10 失败：DataLoader._remove_duplicate_columns() takes 2 positional arguments but 4 were given
2026-03-10 14:59:52 - boiler-draft-helper - ERROR - data_loader.py:109 - 读取文件 锅炉2号机组-60秒2025年05月-online.xlsx 页签 10 失败：DataLoader._remove_duplicate_columns() takes 2 positional arguments but 4 were given
2026-03-10 14:59:52 - boiler-draft-helper - ERROR - data_loader.py:109 - 读取文件 锅炉2号机组-60秒2025年07月-online.xlsx 页签 10 失败：DataLoader._remove_duplicate_columns() takes 2 positional arguments but 4 were given
2026-03-10 14:59:52 - boiler-draft-helper - ERROR - data_loader.py:109 - 读取文件 锅炉2号机组-60秒2025年09月-online.xlsx 页签 10 失败：DataLoader._remove_duplicate_columns() takes 2 positional arguments but 4 were given
2026-03-10 14:59:52 - boiler-draft-helper - ERROR - data_loader.py:109 - 读取文件 锅炉2号机组-60秒2024年12月-online.xlsx 页签 10 失败：DataLoader._remove_duplicate_columns() takes 2 positional arguments but 4 were given
2026-03-10 14:59:52 - boiler-draft-helper - ERROR - data_loader.py:109 - 读取文件 锅炉2号机组-60秒2025年08月-online.xlsx 页签 11 失败：DataLoader._remove_duplicate_columns() takes 2 positional arguments but 4 were given
2026-03-10 14:59:52 - boiler-draft-helper - ERROR - data_loader.py:109 - 读取文件 锅炉2号机组-60秒2026年01月-online.xlsx 页签 14 失败：DataLoader._remove_duplicate_columns() takes 2 positional arguments but 4 were given
2026-03-10 14:59:53 - boiler-draft-helper - ERROR - data_loader.py:109 - 读取文件 锅炉2号机组-60秒2025年06月-online.xlsx 页签 11 失败：DataLoader._remove_duplicate_columns() takes 2 positional arguments but 4 were given
2026-03-10 14:59:53 - boiler-draft-helper - ERROR - data_loader.py:109 - 读取文件 锅炉2号机组-60秒2025年03月-online.xlsx 页签 11 失败：DataLoader._remove_duplicate_columns() takes 2 positional arguments but 4 were given
2026-03-10 14:59:53 - boiler-draft-helper - ERROR - data_loader.py:109 - 读取文件 锅炉2号机组-60秒2024年11月-online.xlsx 页签 11 失败：DataLoader._remove_duplicate_columns() takes 2 positional arguments but 4 were given
2026-03-10 14:59:53 - boiler-draft-helper - ERROR - data_loader.py:109 - 读取文件 锅炉2号机组-60秒2025年11月-online.xlsx 页签 11 失败：DataLoader._remove_duplicate_columns() takes 2 positional arguments but 4 were given
2026-03-10 14:59:53 - boiler-draft-helper - ERROR - data_loader.py:109 - 读取文件 锅炉2号机组-60秒2025年04月-online.xlsx 页签 11 失败：DataLoader._remove_duplicate_columns() takes 2 positional arguments but 4 were given
2026-03-10 14:59:53 - boiler-draft-helper - ERROR - data_loader.py:109 - 读取文件 锅炉2号机组-60秒2025年12月-online.xlsx 页签 11 失败：DataLoader._remove_duplicate_columns() takes 2 positional arguments but 4 were given
2026-03-10 14:59:53 - boiler-draft-helper - ERROR - data_loader.py:109 - 读取文件 锅炉2号机组-60秒2025年02月-online.xlsx 页签 11 失败：DataLoader._remove_duplicate_columns() takes 2 positional arguments but 4 were given
2026-03-10 14:59:53 - boiler-draft-helper - ERROR - data_loader.py:109 - 读取文件 锅炉2号机组-60秒2025年10月-online.xlsx 页签 11 失败：DataLoader._remove_duplicate_columns() takes 2 positional arguments but 4 were given
2026-03-10 14:59:53 - boiler-draft-helper - ERROR - data_loader.py:109 - 读取文件 锅炉2号机组-60秒2024年10月-online.xlsx 页签 11 失败：DataLoader._remove_duplicate_columns() takes 2 positional arguments but 4 were given
2026-03-10 14:59:53 - boiler-draft-helper - ERROR - data_loader.py:109 - 读取文件 锅炉2号机组-60秒2025年05月-online.xlsx 页签 11 失败：DataLoader._remove_duplicate_columns() takes 2 positional arguments but 4 were given
2026-03-10 14:59:53 - boiler-draft-helper - ERROR - data_loader.py:109 - 读取文件 锅炉2号机组-60秒2025年01月-online.xlsx 页签 11 失败：DataLoader._remove_duplicate_columns() takes 2 positional arguments but 4 were given
2026-03-10 14:59:53 - boiler-draft-helper - ERROR - data_loader.py:109 - 读取文件 锅炉2号机组-60秒2025年09月-online.xlsx 页签 11 失败：DataLoader._remove_duplicate_columns() takes 2 positional arguments but 4 were given
2026-03-10 14:59:53 - boiler-draft-helper - ERROR - data_loader.py:109 - 读取文件 锅炉2号机组-60秒2024年12月-online.xlsx 页签 11 失败：DataLoader._remove_duplicate_columns() takes 2 positional arguments but 4 were given
2026-03-10 14:59:53 - boiler-draft-helper - ERROR - data_loader.py:109 - 读取文件 锅炉2号机组-60秒2025年07月-online.xlsx 页签 11 失败：DataLoader._remove_duplicate_columns() takes 2 positional arguments but 4 were given
2026-03-10 14:59:53 - boiler-draft-helper - ERROR - data_loader.py:109 - 读取文件 锅炉2号机组-60秒2026年01月-online.xlsx 页签 15 失败：DataLoader._remove_duplicate_columns() takes 2 positional arguments but 4 were given
2026-03-10 14:59:53 - boiler-draft-helper - ERROR - data_loader.py:109 - 读取文件 锅炉2号机组-60秒2025年08月-online.xlsx 页签 12 失败：DataLoader._remove_duplicate_columns() takes 2 positional arguments but 4 were given
2026-03-10 14:59:53 - boiler-draft-helper - ERROR - data_loader.py:109 - 读取文件 锅炉2号机组-60秒2025年06月-online.xlsx 页签 12 失败：DataLoader._remove_duplicate_columns() takes 2 positional arguments but 4 were given
2026-03-10 14:59:53 - boiler-draft-helper - ERROR - data_loader.py:109 - 读取文件 锅炉2号机组-60秒2025年03月-online.xlsx 页签 12 失败：DataLoader._remove_duplicate_columns() takes 2 positional arguments but 4 were given
2026-03-10 14:59:53 - boiler-draft-helper - ERROR - data_loader.py:109 - 读取文件 锅炉2号机组-60秒2024年11月-online.xlsx 页签 12 失败：DataLoader._remove_duplicate_columns() takes 2 positional arguments but 4 were given
2026-03-10 14:59:53 - boiler-draft-helper - ERROR - data_loader.py:109 - 读取文件 锅炉2号机组-60秒2025年11月-online.xlsx 页签 12 失败：DataLoader._remove_duplicate_columns() takes 2 positional arguments but 4 were given
2026-03-10 14:59:53 - boiler-draft-helper - ERROR - data_loader.py:109 - 读取文件 锅炉2号机组-60秒2025年04月-online.xlsx 页签 12 失败：DataLoader._remove_duplicate_columns() takes 2 positional arguments but 4 were given
2026-03-10 14:59:53 - boiler-draft-helper - ERROR - data_loader.py:109 - 读取文件 锅炉2号机组-60秒2025年12月-online.xlsx 页签 12 失败：DataLoader._remove_duplicate_columns() takes 2 positional arguments but 4 were given
2026-03-10 14:59:53 - boiler-draft-helper - ERROR - data_loader.py:109 - 读取文件 锅炉2号机组-60秒2025年05月-online.xlsx 页签 12 失败：DataLoader._remove_duplicate_columns() takes 2 positional arguments but 4 were given
2026-03-10 14:59:53 - boiler-draft-helper - ERROR - data_loader.py:109 - 读取文件 锅炉2号机组-60秒2025年10月-online.xlsx 页签 12 失败：DataLoader._remove_duplicate_columns() takes 2 positional arguments but 4 were given
2026-03-10 14:59:53 - boiler-draft-helper - ERROR - data_loader.py:109 - 读取文件 锅炉2号机组-60秒2025年02月-online.xlsx 页签 12 失败：DataLoader._remove_duplicate_columns() takes 2 positional arguments but 4 were given
2026-03-10 14:59:53 - boiler-draft-helper - ERROR - data_loader.py:109 - 读取文件 锅炉2号机组-60秒2024年10月-online.xlsx 页签 12 失败：DataLoader._remove_duplicate_columns() takes 2 positional arguments but 4 were given
2026-03-10 14:59:53 - boiler-draft-helper - ERROR - data_loader.py:109 - 读取文件 锅炉2号机组-60秒2025年01月-online.xlsx 页签 12 失败：DataLoader._remove_duplicate_columns() takes 2 positional arguments but 4 were given
2026-03-10 14:59:53 - boiler-draft-helper - ERROR - data_loader.py:109 - 读取文件 锅炉2号机组-60秒2025年09月-online.xlsx 页签 12 失败：DataLoader._remove_duplicate_columns() takes 2 positional arguments but 4 were given
2026-03-10 14:59:53 - boiler-draft-helper - ERROR - data_loader.py:109 - 读取文件 锅炉2号机组-60秒2024年12月-online.xlsx 页签 12 失败：DataLoader._remove_duplicate_columns() takes 2 positional arguments but 4 were given
2026-03-10 14:59:53 - boiler-draft-helper - ERROR - data_loader.py:109 - 读取文件 锅炉2号机组-60秒2025年07月-online.xlsx 页签 12 失败：DataLoader._remove_duplicate_columns() takes 2 positional arguments but 4 were given
2026-03-10 14:59:53 - boiler-draft-helper - ERROR - data_loader.py:109 - 读取文件 锅炉2号机组-60秒2026年01月-online.xlsx 页签 16 失败：DataLoader._remove_duplicate_columns() takes 2 positional arguments but 4 were given
2026-03-10 14:59:53 - boiler-draft-helper - ERROR - data_loader.py:109 - 读取文件 锅炉2号机组-60秒2025年08月-online.xlsx 页签 13 失败：DataLoader._remove_duplicate_columns() takes 2 positional arguments but 4 were given
2026-03-10 14:59:54 - boiler-draft-helper - ERROR - data_loader.py:109 - 读取文件 锅炉2号机组-60秒2025年06月-online.xlsx 页签 13 失败：DataLoader._remove_duplicate_columns() takes 2 positional arguments but 4 were given
2026-03-10 14:59:54 - boiler-draft-helper - ERROR - data_loader.py:109 - 读取文件 锅炉2号机组-60秒2025年03月-online.xlsx 页签 13 失败：DataLoader._remove_duplicate_columns() takes 2 positional arguments but 4 were given
2026-03-10 14:59:54 - boiler-draft-helper - ERROR - data_loader.py:109 - 读取文件 锅炉2号机组-60秒2024年11月-online.xlsx 页签 13 失败：DataLoader._remove_duplicate_columns() takes 2 positional arguments but 4 were given
2026-03-10 14:59:54 - boiler-draft-helper - ERROR - data_loader.py:109 - 读取文件 锅炉2号机组-60秒2025年12月-online.xlsx 页签 13 失败：DataLoader._remove_duplicate_columns() takes 2 positional arguments but 4 were given
2026-03-10 14:59:54 - boiler-draft-helper - ERROR - data_loader.py:109 - 读取文件 锅炉2号机组-60秒2025年11月-online.xlsx 页签 13 失败：DataLoader._remove_duplicate_columns() takes 2 positional arguments but 4 were given
2026-03-10 14:59:54 - boiler-draft-helper - ERROR - data_loader.py:109 - 读取文件 锅炉2号机组-60秒2025年10月-online.xlsx 页签 13 失败：DataLoader._remove_duplicate_columns() takes 2 positional arguments but 4 were given
2026-03-10 14:59:54 - boiler-draft-helper - ERROR - data_loader.py:109 - 读取文件 锅炉2号机组-60秒2025年04月-online.xlsx 页签 13 失败：DataLoader._remove_duplicate_columns() takes 2 positional arguments but 4 were given
2026-03-10 14:59:54 - boiler-draft-helper - ERROR - data_loader.py:109 - 读取文件 锅炉2号机组-60秒2025年02月-online.xlsx 页签 13 失败：DataLoader._remove_duplicate_columns() takes 2 positional arguments but 4 were given
2026-03-10 14:59:54 - boiler-draft-helper - ERROR - data_loader.py:109 - 读取文件 锅炉2号机组-60秒2025年05月-online.xlsx 页签 13 失败：DataLoader._remove_duplicate_columns() takes 2 positional arguments but 4 were given
2026-03-10 14:59:54 - boiler-draft-helper - ERROR - data_loader.py:109 - 读取文件 锅炉2号机组-60秒2024年10月-online.xlsx 页签 13 失败：DataLoader._remove_duplicate_columns() takes 2 positional arguments but 4 were given
2026-03-10 14:59:54 - boiler-draft-helper - ERROR - data_loader.py:109 - 读取文件 锅炉2号机组-60秒2025年09月-online.xlsx 页签 13 失败：DataLoader._remove_duplicate_columns() takes 2 positional arguments but 4 were given
2026-03-10 14:59:54 - boiler-draft-helper - ERROR - data_loader.py:109 - 读取文件 锅炉2号机组-60秒2025年01月-online.xlsx 页签 13 失败：DataLoader._remove_duplicate_columns() takes 2 positional arguments but 4 were given
2026-03-10 14:59:54 - boiler-draft-helper - ERROR - data_loader.py:109 - 读取文件 锅炉2号机组-60秒2024年12月-online.xlsx 页签 13 失败：DataLoader._remove_duplicate_columns() takes 2 positional arguments but 4 were given
2026-03-10 14:59:54 - boiler-draft-helper - ERROR - data_loader.py:109 - 读取文件 锅炉2号机组-60秒2026年01月-online.xlsx 页签 17 失败：DataLoader._remove_duplicate_columns() takes 2 positional arguments but 4 were given
2026-03-10 14:59:54 - boiler-draft-helper - ERROR - data_loader.py:109 - 读取文件 锅炉2号机组-60秒2025年07月-online.xlsx 页签 13 失败：DataLoader._remove_duplicate_columns() takes 2 positional arguments but 4 were given
2026-03-10 14:59:54 - boiler-draft-helper - ERROR - data_loader.py:109 - 读取文件 锅炉2号机组-60秒2025年08月-online.xlsx 页签 14 失败：DataLoader._remove_duplicate_columns() takes 2 positional arguments but 4 were given
2026-03-10 14:59:54 - boiler-draft-helper - ERROR - data_loader.py:109 - 读取文件 锅炉2号机组-60秒2025年06月-online.xlsx 页签 14 失败：DataLoader._remove_duplicate_columns() takes 2 positional arguments but 4 were given
2026-03-10 14:59:54 - boiler-draft-helper - ERROR - data_loader.py:109 - 读取文件 锅炉2号机组-60秒2025年03月-online.xlsx 页签 14 失败：DataLoader._remove_duplicate_columns() takes 2 positional arguments but 4 were given
2026-03-10 14:59:54 - boiler-draft-helper - ERROR - data_loader.py:109 - 读取文件 锅炉2号机组-60秒2024年11月-online.xlsx 页签 14 失败：DataLoader._remove_duplicate_columns() takes 2 positional arguments but 4 were given
2026-03-10 14:59:54 - boiler-draft-helper - ERROR - data_loader.py:109 - 读取文件 锅炉2号机组-60秒2025年12月-online.xlsx 页签 14 失败：DataLoader._remove_duplicate_columns() takes 2 positional arguments but 4 were given
2026-03-10 14:59:54 - boiler-draft-helper - ERROR - data_loader.py:109 - 读取文件 锅炉2号机组-60秒2026年01月-online.xlsx 页签 18 失败：DataLoader._remove_duplicate_columns() takes 2 positional arguments but 4 were given
2026-03-10 14:59:54 - boiler-draft-helper - ERROR - data_loader.py:109 - 读取文件 锅炉2号机组-60秒2025年10月-online.xlsx 页签 14 失败：DataLoader._remove_duplicate_columns() takes 2 positional arguments but 4 were given
2026-03-10 14:59:54 - boiler-draft-helper - ERROR - data_loader.py:109 - 读取文件 锅炉2号机组-60秒2025年05月-online.xlsx 页签 14 失败：DataLoader._remove_duplicate_columns() takes 2 positional arguments but 4 were given
2026-03-10 14:59:54 - boiler-draft-helper - ERROR - data_loader.py:109 - 读取文件 锅炉2号机组-60秒2025年11月-online.xlsx 页签 14 失败：DataLoader._remove_duplicate_columns() takes 2 positional arguments but 4 were given
2026-03-10 14:59:54 - boiler-draft-helper - ERROR - data_loader.py:109 - 读取文件 锅炉2号机组-60秒2025年02月-online.xlsx 页签 14 失败：DataLoader._remove_duplicate_columns() takes 2 positional arguments but 4 were given
2026-03-10 14:59:54 - boiler-draft-helper - ERROR - data_loader.py:109 - 读取文件 锅炉2号机组-60秒2024年10月-online.xlsx 页签 14 失败：DataLoader._remove_duplicate_columns() takes 2 positional arguments but 4 were given
2026-03-10 14:59:54 - boiler-draft-helper - ERROR - data_loader.py:109 - 读取文件 锅炉2号机组-60秒2025年09月-online.xlsx 页签 14 失败：DataLoader._remove_duplicate_columns() takes 2 positional arguments but 4 were given
2026-03-10 14:59:54 - boiler-draft-helper - ERROR - data_loader.py:109 - 读取文件 锅炉2号机组-60秒2025年01月-online.xlsx 页签 14 失败：DataLoader._remove_duplicate_columns() takes 2 positional arguments but 4 were given
2026-03-10 14:59:54 - boiler-draft-helper - ERROR - data_loader.py:109 - 读取文件 锅炉2号机组-60秒2024年12月-online.xlsx 页签 14 失败：DataLoader._remove_duplicate_columns() takes 2 positional arguments but 4 were given
2026-03-10 14:59:54 - boiler-draft-helper - ERROR - data_loader.py:109 - 读取文件 锅炉2号机组-60秒2025年04月-online.xlsx 页签 14 失败：DataLoader._remove_duplicate_columns() takes 2 positional arguments but 4 were given
2026-03-10 14:59:54 - boiler-draft-helper - ERROR - data_loader.py:109 - 读取文件 锅炉2号机组-60秒2025年07月-online.xlsx 页签 14 失败：DataLoader._remove_duplicate_columns() takes 2 positional arguments but 4 were given
2026-03-10 14:59:54 - boiler-draft-helper - ERROR - data_loader.py:109 - 读取文件 锅炉2号机组-60秒2025年08月-online.xlsx 页签 15 失败：DataLoader._remove_duplicate_columns() takes 2 positional arguments but 4 were given
2026-03-10 14:59:55 - boiler-draft-helper - ERROR - data_loader.py:109 - 读取文件 锅炉2号机组-60秒2025年06月-online.xlsx 页签 15 失败：DataLoader._remove_duplicate_columns() takes 2 positional arguments but 4 were given
2026-03-10 14:59:55 - boiler-draft-helper - ERROR - data_loader.py:109 - 读取文件 锅炉2号机组-60秒2026年01月-online.xlsx 页签 19 失败：DataLoader._remove_duplicate_columns() takes 2 positional arguments but 4 were given
2026-03-10 14:59:55 - boiler-draft-helper - ERROR - data_loader.py:109 - 读取文件 锅炉2号机组-60秒2025年03月-online.xlsx 页签 15 失败：DataLoader._remove_duplicate_columns() takes 2 positional arguments but 4 were given
2026-03-10 14:59:55 - boiler-draft-helper - ERROR - data_loader.py:109 - 读取文件 锅炉2号机组-60秒2024年11月-online.xlsx 页签 15 失败：DataLoader._remove_duplicate_columns() takes 2 positional arguments but 4 were given
2026-03-10 14:59:55 - boiler-draft-helper - ERROR - data_loader.py:109 - 读取文件 锅炉2号机组-60秒2025年10月-online.xlsx 页签 15 失败：DataLoader._remove_duplicate_columns() takes 2 positional arguments but 4 were given
2026-03-10 14:59:55 - boiler-draft-helper - ERROR - data_loader.py:109 - 读取文件 锅炉2号机组-60秒2025年05月-online.xlsx 页签 15 失败：DataLoader._remove_duplicate_columns() takes 2 positional arguments but 4 were given
2026-03-10 14:59:55 - boiler-draft-helper - ERROR - data_loader.py:109 - 读取文件 锅炉2号机组-60秒2025年12月-online.xlsx 页签 15 失败：DataLoader._remove_duplicate_columns() takes 2 positional arguments but 4 were given
2026-03-10 14:59:55 - boiler-draft-helper - ERROR - data_loader.py:109 - 读取文件 锅炉2号机组-60秒2025年02月-online.xlsx 页签 15 失败：DataLoader._remove_duplicate_columns() takes 2 positional arguments but 4 were given
2026-03-10 14:59:55 - boiler-draft-helper - ERROR - data_loader.py:109 - 读取文件 锅炉2号机组-60秒2024年10月-online.xlsx 页签 15 失败：DataLoader._remove_duplicate_columns() takes 2 positional arguments but 4 were given
2026-03-10 14:59:55 - boiler-draft-helper - ERROR - data_loader.py:109 - 读取文件 锅炉2号机组-60秒2025年09月-online.xlsx 页签 15 失败：DataLoader._remove_duplicate_columns() takes 2 positional arguments but 4 were given
2026-03-10 14:59:55 - boiler-draft-helper - ERROR - data_loader.py:109 - 读取文件 锅炉2号机组-60秒2024年12月-online.xlsx 页签 15 失败：DataLoader._remove_duplicate_columns() takes 2 positional arguments but 4 were given
2026-03-10 14:59:55 - boiler-draft-helper - ERROR - data_loader.py:109 - 读取文件 锅炉2号机组-60秒2025年11月-online.xlsx 页签 15 失败：DataLoader._remove_duplicate_columns() takes 2 positional arguments but 4 were given
2026-03-10 14:59:55 - boiler-draft-helper - ERROR - data_loader.py:109 - 读取文件 锅炉2号机组-60秒2025年01月-online.xlsx 页签 15 失败：DataLoader._remove_duplicate_columns() takes 2 positional arguments but 4 were given
2026-03-10 14:59:55 - boiler-draft-helper - ERROR - data_loader.py:109 - 读取文件 锅炉2号机组-60秒2025年07月-online.xlsx 页签 15 失败：DataLoader._remove_duplicate_columns() takes 2 positional arguments but 4 were given
2026-03-10 14:59:55 - boiler-draft-helper - ERROR - data_loader.py:109 - 读取文件 锅炉2号机组-60秒2025年04月-online.xlsx 页签 15 失败：DataLoader._remove_duplicate_columns() takes 2 positional arguments but 4 were given
2026-03-10 14:59:55 - boiler-draft-helper - ERROR - data_loader.py:109 - 读取文件 锅炉2号机组-60秒2026年01月-online.xlsx 页签 20 失败：DataLoader._remove_duplicate_columns() takes 2 positional arguments but 4 were given
2026-03-10 14:59:55 - boiler-draft-helper - ERROR - data_loader.py:109 - 读取文件 锅炉2号机组-60秒2025年08月-online.xlsx 页签 16 失败：DataLoader._remove_duplicate_columns() takes 2 positional arguments but 4 were given
2026-03-10 14:59:55 - boiler-draft-helper - ERROR - data_loader.py:109 - 读取文件 锅炉2号机组-60秒2025年06月-online.xlsx 页签 16 失败：DataLoader._remove_duplicate_columns() takes 2 positional arguments but 4 were given
2026-03-10 14:59:55 - boiler-draft-helper - ERROR - data_loader.py:109 - 读取文件 锅炉2号机组-60秒2025年03月-online.xlsx 页签 16 失败：DataLoader._remove_duplicate_columns() takes 2 positional arguments but 4 were given
2026-03-10 14:59:55 - boiler-draft-helper - ERROR - data_loader.py:109 - 读取文件 锅炉2号机组-60秒2024年11月-online.xlsx 页签 16 失败：DataLoader._remove_duplicate_columns() takes 2 positional arguments but 4 were given
2026-03-10 14:59:55 - boiler-draft-helper - ERROR - data_loader.py:109 - 读取文件 锅炉2号机组-60秒2025年10月-online.xlsx 页签 16 失败：DataLoader._remove_duplicate_columns() takes 2 positional arguments but 4 were given
2026-03-10 14:59:55 - boiler-draft-helper - ERROR - data_loader.py:109 - 读取文件 锅炉2号机组-60秒2025年05月-online.xlsx 页签 16 失败：DataLoader._remove_duplicate_columns() takes 2 positional arguments but 4 were given
2026-03-10 14:59:55 - boiler-draft-helper - ERROR - data_loader.py:109 - 读取文件 锅炉2号机组-60秒2025年12月-online.xlsx 页签 16 失败：DataLoader._remove_duplicate_columns() takes 2 positional arguments but 4 were given
2026-03-10 14:59:55 - boiler-draft-helper - ERROR - data_loader.py:109 - 读取文件 锅炉2号机组-60秒2025年02月-online.xlsx 页签 16 失败：DataLoader._remove_duplicate_columns() takes 2 positional arguments but 4 were given
2026-03-10 14:59:55 - boiler-draft-helper - ERROR - data_loader.py:109 - 读取文件 锅炉2号机组-60秒2025年09月-online.xlsx 页签 16 失败：DataLoader._remove_duplicate_columns() takes 2 positional arguments but 4 were given
2026-03-10 14:59:55 - boiler-draft-helper - ERROR - data_loader.py:109 - 读取文件 锅炉2号机组-60秒2024年10月-online.xlsx 页签 16 失败：DataLoader._remove_duplicate_columns() takes 2 positional arguments but 4 were given
2026-03-10 14:59:55 - boiler-draft-helper - ERROR - data_loader.py:109 - 读取文件 锅炉2号机组-60秒2024年12月-online.xlsx 页签 16 失败：DataLoader._remove_duplicate_columns() takes 2 positional arguments but 4 were given
2026-03-10 14:59:55 - boiler-draft-helper - ERROR - data_loader.py:109 - 读取文件 锅炉2号机组-60秒2025年01月-online.xlsx 页签 16 失败：DataLoader._remove_duplicate_columns() takes 2 positional arguments but 4 were given
2026-03-10 14:59:55 - boiler-draft-helper - ERROR - data_loader.py:109 - 读取文件 锅炉2号机组-60秒2025年11月-online.xlsx 页签 16 失败：DataLoader._remove_duplicate_columns() takes 2 positional arguments but 4 were given
2026-03-10 14:59:55 - boiler-draft-helper - ERROR - data_loader.py:109 - 读取文件 锅炉2号机组-60秒2025年07月-online.xlsx 页签 16 失败：DataLoader._remove_duplicate_columns() takes 2 positional arguments but 4 were given
2026-03-10 14:59:55 - boiler-draft-helper - ERROR - data_loader.py:109 - 读取文件 锅炉2号机组-60秒2025年04月-online.xlsx 页签 16 失败：DataLoader._remove_duplicate_columns() takes 2 positional arguments but 4 were given
2026-03-10 14:59:55 - boiler-draft-helper - ERROR - data_loader.py:109 - 读取文件 锅炉2号机组-60秒2026年01月-online.xlsx 页签 21 失败：DataLoader._remove_duplicate_columns() takes 2 positional arguments but 4 were given
2026-03-10 14:59:55 - boiler-draft-helper - ERROR - data_loader.py:109 - 读取文件 锅炉2号机组-60秒2025年06月-online.xlsx 页签 17 失败：DataLoader._remove_duplicate_columns() takes 2 positional arguments but 4 were given
2026-03-10 14:59:55 - boiler-draft-helper - ERROR - data_loader.py:109 - 读取文件 锅炉2号机组-60秒2025年08月-online.xlsx 页签 17 失败：DataLoader._remove_duplicate_columns() takes 2 positional arguments but 4 were given
2026-03-10 14:59:56 - boiler-draft-helper - ERROR - data_loader.py:109 - 读取文件 锅炉2号机组-60秒2025年03月-online.xlsx 页签 17 失败：DataLoader._remove_duplicate_columns() takes 2 positional arguments but 4 were given
2026-03-10 14:59:56 - boiler-draft-helper - ERROR - data_loader.py:109 - 读取文件 锅炉2号机组-60秒2025年10月-online.xlsx 页签 17 失败：DataLoader._remove_duplicate_columns() takes 2 positional arguments but 4 were given
2026-03-10 14:59:56 - boiler-draft-helper - ERROR - data_loader.py:109 - 读取文件 锅炉2号机组-60秒2025年05月-online.xlsx 页签 17 失败：DataLoader._remove_duplicate_columns() takes 2 positional arguments but 4 were given
2026-03-10 14:59:56 - boiler-draft-helper - ERROR - data_loader.py:109 - 读取文件 锅炉2号机组-60秒2024年11月-online.xlsx 页签 17 失败：DataLoader._remove_duplicate_columns() takes 2 positional arguments but 4 were given
2026-03-10 14:59:56 - boiler-draft-helper - ERROR - data_loader.py:109 - 读取文件 锅炉2号机组-60秒2025年09月-online.xlsx 页签 17 失败：DataLoader._remove_duplicate_columns() takes 2 positional arguments but 4 were given
2026-03-10 14:59:56 - boiler-draft-helper - ERROR - data_loader.py:109 - 读取文件 锅炉2号机组-60秒2025年02月-online.xlsx 页签 17 失败：DataLoader._remove_duplicate_columns() takes 2 positional arguments but 4 were given
2026-03-10 14:59:56 - boiler-draft-helper - ERROR - data_loader.py:109 - 读取文件 锅炉2号机组-60秒2024年12月-online.xlsx 页签 17 失败：DataLoader._remove_duplicate_columns() takes 2 positional arguments but 4 were given
2026-03-10 14:59:56 - boiler-draft-helper - ERROR - data_loader.py:109 - 读取文件 锅炉2号机组-60秒2024年10月-online.xlsx 页签 17 失败：DataLoader._remove_duplicate_columns() takes 2 positional arguments but 4 were given
2026-03-10 14:59:56 - boiler-draft-helper - ERROR - data_loader.py:109 - 读取文件 锅炉2号机组-60秒2025年12月-online.xlsx 页签 17 失败：DataLoader._remove_duplicate_columns() takes 2 positional arguments but 4 were given
2026-03-10 14:59:56 - boiler-draft-helper - ERROR - data_loader.py:109 - 读取文件 锅炉2号机组-60秒2026年01月-online.xlsx 页签 22 失败：DataLoader._remove_duplicate_columns() takes 2 positional arguments but 4 were given
2026-03-10 14:59:56 - boiler-draft-helper - ERROR - data_loader.py:109 - 读取文件 锅炉2号机组-60秒2025年01月-online.xlsx 页签 17 失败：DataLoader._remove_duplicate_columns() takes 2 positional arguments but 4 were given
2026-03-10 14:59:56 - boiler-draft-helper - ERROR - data_loader.py:109 - 读取文件 锅炉2号机组-60秒2025年11月-online.xlsx 页签 17 失败：DataLoader._remove_duplicate_columns() takes 2 positional arguments but 4 were given
2026-03-10 14:59:56 - boiler-draft-helper - ERROR - data_loader.py:109 - 读取文件 锅炉2号机组-60秒2026年01月-online.xlsx 页签 23 失败：DataLoader._remove_duplicate_columns() takes 2 positional arguments but 4 were given
2026-03-10 14:59:56 - boiler-draft-helper - ERROR - data_loader.py:109 - 读取文件 锅炉2号机组-60秒2025年07月-online.xlsx 页签 17 失败：DataLoader._remove_duplicate_columns() takes 2 positional arguments but 4 were given
2026-03-10 14:59:56 - boiler-draft-helper - ERROR - data_loader.py:109 - 读取文件 锅炉2号机组-60秒2026年01月-online.xlsx 页签 24 失败：DataLoader._remove_duplicate_columns() takes 2 positional arguments but 4 were given
2026-03-10 14:59:56 - boiler-draft-helper - ERROR - data_loader.py:109 - 读取文件 锅炉2号机组-60秒2025年04月-online.xlsx 页签 17 失败：DataLoader._remove_duplicate_columns() takes 2 positional arguments but 4 were given
2026-03-10 14:59:56 - boiler-draft-helper - ERROR - data_loader.py:109 - 读取文件 锅炉2号机组-60秒2026年01月-online.xlsx 页签 25 失败：DataLoader._remove_duplicate_columns() takes 2 positional arguments but 4 were given
2026-03-10 14:59:56 - boiler-draft-helper - ERROR - data_loader.py:109 - 读取文件 锅炉2号机组-60秒2025年06月-online.xlsx 页签 18 失败：DataLoader._remove_duplicate_columns() takes 2 positional arguments but 4 were given
2026-03-10 14:59:56 - boiler-draft-helper - ERROR - data_loader.py:109 - 读取文件 锅炉2号机组-60秒2026年01月-online.xlsx 页签 26 失败：DataLoader._remove_duplicate_columns() takes 2 positional arguments but 4 were given
2026-03-10 14:59:56 - boiler-draft-helper - ERROR - data_loader.py:109 - 读取文件 锅炉2号机组-60秒2025年08月-online.xlsx 页签 18 失败：DataLoader._remove_duplicate_columns() takes 2 positional arguments but 4 were given
2026-03-10 14:59:56 - boiler-draft-helper - ERROR - data_loader.py:109 - 读取文件 锅炉2号机组-60秒2025年03月-online.xlsx 页签 18 失败：DataLoader._remove_duplicate_columns() takes 2 positional arguments but 4 were given
2026-03-10 14:59:56 - boiler-draft-helper - ERROR - data_loader.py:109 - 读取文件 锅炉2号机组-60秒2025年10月-online.xlsx 页签 18 失败：DataLoader._remove_duplicate_columns() takes 2 positional arguments but 4 were given
2026-03-10 14:59:56 - boiler-draft-helper - ERROR - data_loader.py:109 - 读取文件 锅炉2号机组-60秒2025年05月-online.xlsx 页签 18 失败：DataLoader._remove_duplicate_columns() takes 2 positional arguments but 4 were given
2026-03-10 14:59:56 - boiler-draft-helper - ERROR - data_loader.py:109 - 读取文件 锅炉2号机组-60秒2025年02月-online.xlsx 页签 18 失败：DataLoader._remove_duplicate_columns() takes 2 positional arguments but 4 were given
2026-03-10 14:59:56 - boiler-draft-helper - ERROR - data_loader.py:109 - 读取文件 锅炉2号机组-60秒2025年09月-online.xlsx 页签 18 失败：DataLoader._remove_duplicate_columns() takes 2 positional arguments but 4 were given
2026-03-10 14:59:56 - boiler-draft-helper - ERROR - data_loader.py:109 - 读取文件 锅炉2号机组-60秒2024年11月-online.xlsx 页签 18 失败：DataLoader._remove_duplicate_columns() takes 2 positional arguments but 4 were given
2026-03-10 14:59:56 - boiler-draft-helper - ERROR - data_loader.py:109 - 读取文件 锅炉2号机组-60秒2024年12月-online.xlsx 页签 18 失败：DataLoader._remove_duplicate_columns() takes 2 positional arguments but 4 were given
2026-03-10 14:59:56 - boiler-draft-helper - ERROR - data_loader.py:109 - 读取文件 锅炉2号机组-60秒2024年10月-online.xlsx 页签 18 失败：DataLoader._remove_duplicate_columns() takes 2 positional arguments but 4 were given
2026-03-10 14:59:56 - boiler-draft-helper - ERROR - data_loader.py:109 - 读取文件 锅炉2号机组-60秒2025年12月-online.xlsx 页签 18 失败：DataLoader._remove_duplicate_columns() takes 2 positional arguments but 4 were given
2026-03-10 14:59:56 - boiler-draft-helper - ERROR - data_loader.py:109 - 读取文件 锅炉2号机组-60秒2025年11月-online.xlsx 页签 18 失败：DataLoader._remove_duplicate_columns() takes 2 positional arguments but 4 were given
2026-03-10 14:59:56 - boiler-draft-helper - ERROR - data_loader.py:109 - 读取文件 锅炉2号机组-60秒2025年01月-online.xlsx 页签 18 失败：DataLoader._remove_duplicate_columns() takes 2 positional arguments but 4 were given
2026-03-10 14:59:56 - boiler-draft-helper - ERROR - data_loader.py:109 - 读取文件 锅炉2号机组-60秒2026年01月-online.xlsx 页签 27 失败：DataLoader._remove_duplicate_columns() takes 2 positional arguments but 4 were given
2026-03-10 14:59:56 - boiler-draft-helper - ERROR - data_loader.py:109 - 读取文件 锅炉2号机组-60秒2025年07月-online.xlsx 页签 18 失败：DataLoader._remove_duplicate_columns() takes 2 positional arguments but 4 were given
2026-03-10 14:59:56 - boiler-draft-helper - ERROR - data_loader.py:109 - 读取文件 锅炉2号机组-60秒2025年04月-online.xlsx 页签 18 失败：DataLoader._remove_duplicate_columns() takes 2 positional arguments but 4 were given
2026-03-10 14:59:56 - boiler-draft-helper - ERROR - data_loader.py:109 - 读取文件 锅炉2号机组-60秒2025年06月-online.xlsx 页签 19 失败：DataLoader._remove_duplicate_columns() takes 2 positional arguments but 4 were given
2026-03-10 14:59:56 - boiler-draft-helper - ERROR - data_loader.py:109 - 读取文件 锅炉2号机组-60秒2025年08月-online.xlsx 页签 19 失败：DataLoader._remove_duplicate_columns() takes 2 positional arguments but 4 were given
2026-03-10 14:59:57 - boiler-draft-helper - ERROR - data_loader.py:109 - 读取文件 锅炉2号机组-60秒2025年10月-online.xlsx 页签 19 失败：DataLoader._remove_duplicate_columns() takes 2 positional arguments but 4 were given
2026-03-10 14:59:57 - boiler-draft-helper - ERROR - data_loader.py:109 - 读取文件 锅炉2号机组-60秒2025年05月-online.xlsx 页签 19 失败：DataLoader._remove_duplicate_columns() takes 2 positional arguments but 4 were given
2026-03-10 14:59:57 - boiler-draft-helper - ERROR - data_loader.py:109 - 读取文件 锅炉2号机组-60秒2025年03月-online.xlsx 页签 19 失败：DataLoader._remove_duplicate_columns() takes 2 positional arguments but 4 were given
2026-03-10 14:59:57 - boiler-draft-helper - ERROR - data_loader.py:109 - 读取文件 锅炉2号机组-60秒2025年09月-online.xlsx 页签 19 失败：DataLoader._remove_duplicate_columns() takes 2 positional arguments but 4 were given
2026-03-10 14:59:57 - boiler-draft-helper - ERROR - data_loader.py:109 - 读取文件 锅炉2号机组-60秒2025年02月-online.xlsx 页签 19 失败：DataLoader._remove_duplicate_columns() takes 2 positional arguments but 4 were given
2026-03-10 14:59:57 - boiler-draft-helper - ERROR - data_loader.py:109 - 读取文件 锅炉2号机组-60秒2026年01月-online.xlsx 页签 28 失败：DataLoader._remove_duplicate_columns() takes 2 positional arguments but 4 were given
2026-03-10 14:59:57 - boiler-draft-helper - ERROR - data_loader.py:109 - 读取文件 锅炉2号机组-60秒2024年12月-online.xlsx 页签 19 失败：DataLoader._remove_duplicate_columns() takes 2 positional arguments but 4 were given
2026-03-10 14:59:57 - boiler-draft-helper - ERROR - data_loader.py:109 - 读取文件 锅炉2号机组-60秒2024年10月-online.xlsx 页签 19 失败：DataLoader._remove_duplicate_columns() takes 2 positional arguments but 4 were given
2026-03-10 14:59:57 - boiler-draft-helper - ERROR - data_loader.py:109 - 读取文件 锅炉2号机组-60秒2024年11月-online.xlsx 页签 19 失败：DataLoader._remove_duplicate_columns() takes 2 positional arguments but 4 were given
2026-03-10 14:59:57 - boiler-draft-helper - ERROR - data_loader.py:109 - 读取文件 锅炉2号机组-60秒2025年12月-online.xlsx 页签 19 失败：DataLoader._remove_duplicate_columns() takes 2 positional arguments but 4 were given
2026-03-10 14:59:57 - boiler-draft-helper - ERROR - data_loader.py:109 - 读取文件 锅炉2号机组-60秒2025年11月-online.xlsx 页签 19 失败：DataLoader._remove_duplicate_columns() takes 2 positional arguments but 4 were given
2026-03-10 14:59:57 - boiler-draft-helper - ERROR - data_loader.py:109 - 读取文件 锅炉2号机组-60秒2025年01月-online.xlsx 页签 19 失败：DataLoader._remove_duplicate_columns() takes 2 positional arguments but 4 were given
2026-03-10 14:59:57 - boiler-draft-helper - ERROR - data_loader.py:109 - 读取文件 锅炉2号机组-60秒2025年07月-online.xlsx 页签 19 失败：DataLoader._remove_duplicate_columns() takes 2 positional arguments but 4 were given
2026-03-10 14:59:57 - boiler-draft-helper - ERROR - data_loader.py:109 - 读取文件 锅炉2号机组-60秒2025年04月-online.xlsx 页签 19 失败：DataLoader._remove_duplicate_columns() takes 2 positional arguments but 4 were given
2026-03-10 14:59:57 - boiler-draft-helper - ERROR - data_loader.py:109 - 读取文件 锅炉2号机组-60秒2025年06月-online.xlsx 页签 20 失败：DataLoader._remove_duplicate_columns() takes 2 positional arguments but 4 were given
2026-03-10 14:59:57 - boiler-draft-helper - ERROR - data_loader.py:109 - 读取文件 锅炉2号机组-60秒2025年08月-online.xlsx 页签 20 失败：DataLoader._remove_duplicate_columns() takes 2 positional arguments but 4 were given
2026-03-10 14:59:57 - boiler-draft-helper - ERROR - data_loader.py:109 - 读取文件 锅炉2号机组-60秒2026年01月-online.xlsx 页签 29 失败：DataLoader._remove_duplicate_columns() takes 2 positional arguments but 4 were given
2026-03-10 14:59:57 - boiler-draft-helper - ERROR - data_loader.py:109 - 读取文件 锅炉2号机组-60秒2025年10月-online.xlsx 页签 20 失败：DataLoader._remove_duplicate_columns() takes 2 positional arguments but 4 were given
2026-03-10 14:59:57 - boiler-draft-helper - ERROR - data_loader.py:109 - 读取文件 锅炉2号机组-60秒2025年05月-online.xlsx 页签 20 失败：DataLoader._remove_duplicate_columns() takes 2 positional arguments but 4 were given
2026-03-10 14:59:57 - boiler-draft-helper - ERROR - data_loader.py:109 - 读取文件 锅炉2号机组-60秒2025年03月-online.xlsx 页签 20 失败：DataLoader._remove_duplicate_columns() takes 2 positional arguments but 4 were given
2026-03-10 14:59:57 - boiler-draft-helper - ERROR - data_loader.py:109 - 读取文件 锅炉2号机组-60秒2025年09月-online.xlsx 页签 20 失败：DataLoader._remove_duplicate_columns() takes 2 positional arguments but 4 were given
2026-03-10 14:59:57 - boiler-draft-helper - ERROR - data_loader.py:109 - 读取文件 锅炉2号机组-60秒2025年02月-online.xlsx 页签 20 失败：DataLoader._remove_duplicate_columns() takes 2 positional arguments but 4 were given
2026-03-10 14:59:57 - boiler-draft-helper - ERROR - data_loader.py:109 - 读取文件 锅炉2号机组-60秒2024年12月-online.xlsx 页签 20 失败：DataLoader._remove_duplicate_columns() takes 2 positional arguments but 4 were given
2026-03-10 14:59:57 - boiler-draft-helper - ERROR - data_loader.py:109 - 读取文件 锅炉2号机组-60秒2024年10月-online.xlsx 页签 20 失败：DataLoader._remove_duplicate_columns() takes 2 positional arguments but 4 were given
2026-03-10 14:59:57 - boiler-draft-helper - ERROR - data_loader.py:109 - 读取文件 锅炉2号机组-60秒2024年11月-online.xlsx 页签 20 失败：DataLoader._remove_duplicate_columns() takes 2 positional arguments but 4 were given
2026-03-10 14:59:57 - boiler-draft-helper - ERROR - data_loader.py:109 - 读取文件 锅炉2号机组-60秒2025年12月-online.xlsx 页签 20 失败：DataLoader._remove_duplicate_columns() takes 2 positional arguments but 4 were given
2026-03-10 14:59:57 - boiler-draft-helper - ERROR - data_loader.py:109 - 读取文件 锅炉2号机组-60秒2025年11月-online.xlsx 页签 20 失败：DataLoader._remove_duplicate_columns() takes 2 positional arguments but 4 were given
2026-03-10 14:59:57 - boiler-draft-helper - ERROR - data_loader.py:109 - 读取文件 锅炉2号机组-60秒2025年01月-online.xlsx 页签 20 失败：DataLoader._remove_duplicate_columns() takes 2 positional arguments but 4 were given
2026-03-10 14:59:57 - boiler-draft-helper - ERROR - data_loader.py:109 - 读取文件 锅炉2号机组-60秒2025年07月-online.xlsx 页签 20 失败：DataLoader._remove_duplicate_columns() takes 2 positional arguments but 4 were given
2026-03-10 14:59:57 - boiler-draft-helper - ERROR - data_loader.py:109 - 读取文件 锅炉2号机组-60秒2026年01月-online.xlsx 页签 30 失败：DataLoader._remove_duplicate_columns() takes 2 positional arguments but 4 were given
2026-03-10 14:59:57 - boiler-draft-helper - ERROR - data_loader.py:109 - 读取文件 锅炉2号机组-60秒2025年06月-online.xlsx 页签 21 失败：DataLoader._remove_duplicate_columns() takes 2 positional arguments but 4 were given
2026-03-10 14:59:57 - boiler-draft-helper - ERROR - data_loader.py:109 - 读取文件 锅炉2号机组-60秒2025年04月-online.xlsx 页签 20 失败：DataLoader._remove_duplicate_columns() takes 2 positional arguments but 4 were given
2026-03-10 14:59:57 - boiler-draft-helper - ERROR - data_loader.py:109 - 读取文件 锅炉2号机组-60秒2025年08月-online.xlsx 页签 21 失败：DataLoader._remove_duplicate_columns() takes 2 positional arguments but 4 were given
2026-03-10 14:59:58 - boiler-draft-helper - ERROR - data_loader.py:109 - 读取文件 锅炉2号机组-60秒2025年10月-online.xlsx 页签 21 失败：DataLoader._remove_duplicate_columns() takes 2 positional arguments but 4 were given
2026-03-10 14:59:58 - boiler-draft-helper - ERROR - data_loader.py:109 - 读取文件 锅炉2号机组-60秒2025年05月-online.xlsx 页签 21 失败：DataLoader._remove_duplicate_columns() takes 2 positional arguments but 4 were given
2026-03-10 14:59:58 - boiler-draft-helper - ERROR - data_loader.py:109 - 读取文件 锅炉2号机组-60秒2025年09月-online.xlsx 页签 21 失败：DataLoader._remove_duplicate_columns() takes 2 positional arguments but 4 were given
2026-03-10 14:59:58 - boiler-draft-helper - ERROR - data_loader.py:109 - 读取文件 锅炉2号机组-60秒2025年02月-online.xlsx 页签 21 失败：DataLoader._remove_duplicate_columns() takes 2 positional arguments but 4 were given
2026-03-10 14:59:58 - boiler-draft-helper - ERROR - data_loader.py:109 - 读取文件 锅炉2号机组-60秒2025年03月-online.xlsx 页签 21 失败：DataLoader._remove_duplicate_columns() takes 2 positional arguments but 4 were given
2026-03-10 14:59:58 - boiler-draft-helper - ERROR - data_loader.py:109 - 读取文件 锅炉2号机组-60秒2024年12月-online.xlsx 页签 21 失败：DataLoader._remove_duplicate_columns() takes 2 positional arguments but 4 were given
2026-03-10 14:59:58 - boiler-draft-helper - ERROR - data_loader.py:109 - 读取文件 锅炉2号机组-60秒2024年10月-online.xlsx 页签 21 失败：DataLoader._remove_duplicate_columns() takes 2 positional arguments but 4 were given
2026-03-10 14:59:58 - boiler-draft-helper - ERROR - data_loader.py:109 - 读取文件 锅炉2号机组-60秒2024年11月-online.xlsx 页签 21 失败：DataLoader._remove_duplicate_columns() takes 2 positional arguments but 4 were given
2026-03-10 14:59:58 - boiler-draft-helper - ERROR - data_loader.py:109 - 读取文件 锅炉2号机组-60秒2026年01月-online.xlsx 页签 31 失败：DataLoader._remove_duplicate_columns() takes 2 positional arguments but 4 were given
2026-03-10 14:59:58 - boiler-draft-helper - ERROR - data_loader.py:109 - 读取文件 锅炉2号机组-60秒2025年12月-online.xlsx 页签 21 失败：DataLoader._remove_duplicate_columns() takes 2 positional arguments but 4 were given
2026-03-10 14:59:58 - boiler-draft-helper - ERROR - data_loader.py:109 - 读取文件 锅炉2号机组-60秒2025年11月-online.xlsx 页签 21 失败：DataLoader._remove_duplicate_columns() takes 2 positional arguments but 4 were given
2026-03-10 14:59:58 - boiler-draft-helper - ERROR - data_loader.py:109 - 读取文件 锅炉2号机组-60秒2025年07月-online.xlsx 页签 21 失败：DataLoader._remove_duplicate_columns() takes 2 positional arguments but 4 were given
2026-03-10 14:59:58 - boiler-draft-helper - ERROR - data_loader.py:109 - 读取文件 锅炉2号机组-60秒2025年01月-online.xlsx 页签 21 失败：DataLoader._remove_duplicate_columns() takes 2 positional arguments but 4 were given
2026-03-10 14:59:58 - boiler-draft-helper - ERROR - data_loader.py:109 - 读取文件 锅炉2号机组-60秒2025年06月-online.xlsx 页签 22 失败：DataLoader._remove_duplicate_columns() takes 2 positional arguments but 4 were given
2026-03-10 14:59:58 - boiler-draft-helper - ERROR - data_loader.py:109 - 读取文件 锅炉2号机组-60秒2025年04月-online.xlsx 页签 21 失败：DataLoader._remove_duplicate_columns() takes 2 positional arguments but 4 were given
2026-03-10 14:59:58 - boiler-draft-helper - ERROR - data_loader.py:109 - 读取文件 锅炉2号机组-60秒2025年08月-online.xlsx 页签 22 失败：DataLoader._remove_duplicate_columns() takes 2 positional arguments but 4 were given
2026-03-10 14:59:58 - boiler-draft-helper - ERROR - data_loader.py:109 - 读取文件 锅炉2号机组-60秒2025年05月-online.xlsx 页签 22 失败：DataLoader._remove_duplicate_columns() takes 2 positional arguments but 4 were given
2026-03-10 14:59:58 - boiler-draft-helper - ERROR - data_loader.py:109 - 读取文件 锅炉2号机组-60秒2025年02月-online.xlsx 页签 22 失败：DataLoader._remove_duplicate_columns() takes 2 positional arguments but 4 were given
2026-03-10 14:59:58 - boiler-draft-helper - ERROR - data_loader.py:109 - 读取文件 锅炉2号机组-60秒2025年10月-online.xlsx 页签 22 失败：DataLoader._remove_duplicate_columns() takes 2 positional arguments but 4 were given
2026-03-10 14:59:58 - boiler-draft-helper - ERROR - data_loader.py:109 - 读取文件 锅炉2号机组-60秒2025年09月-online.xlsx 页签 22 失败：DataLoader._remove_duplicate_columns() takes 2 positional arguments but 4 were given
2026-03-10 14:59:58 - boiler-draft-helper - ERROR - data_loader.py:109 - 读取文件 锅炉2号机组-60秒2025年03月-online.xlsx 页签 22 失败：DataLoader._remove_duplicate_columns() takes 2 positional arguments but 4 were given
2026-03-10 14:59:58 - boiler-draft-helper - ERROR - data_loader.py:109 - 读取文件 锅炉2号机组-60秒2024年12月-online.xlsx 页签 22 失败：DataLoader._remove_duplicate_columns() takes 2 positional arguments but 4 were given
2026-03-10 14:59:58 - boiler-draft-helper - ERROR - data_loader.py:109 - 读取文件 锅炉2号机组-60秒2024年10月-online.xlsx 页签 22 失败：DataLoader._remove_duplicate_columns() takes 2 positional arguments but 4 were given
2026-03-10 14:59:58 - boiler-draft-helper - ERROR - data_loader.py:109 - 读取文件 锅炉2号机组-60秒2024年11月-online.xlsx 页签 22 失败：DataLoader._remove_duplicate_columns() takes 2 positional arguments but 4 were given
2026-03-10 14:59:58 - boiler-draft-helper - ERROR - data_loader.py:109 - 读取文件 锅炉2号机组-60秒2025年12月-online.xlsx 页签 22 失败：DataLoader._remove_duplicate_columns() takes 2 positional arguments but 4 were given
2026-03-10 14:59:58 - boiler-draft-helper - ERROR - data_loader.py:109 - 读取文件 锅炉2号机组-60秒2025年11月-online.xlsx 页签 22 失败：DataLoader._remove_duplicate_columns() takes 2 positional arguments but 4 were given
2026-03-10 14:59:58 - boiler-draft-helper - ERROR - data_loader.py:109 - 读取文件 锅炉2号机组-60秒2025年07月-online.xlsx 页签 22 失败：DataLoader._remove_duplicate_columns() takes 2 positional arguments but 4 were given
2026-03-10 14:59:58 - boiler-draft-helper - ERROR - data_loader.py:109 - 读取文件 锅炉2号机组-60秒2025年01月-online.xlsx 页签 22 失败：DataLoader._remove_duplicate_columns() takes 2 positional arguments but 4 were given
2026-03-10 14:59:58 - boiler-draft-helper - ERROR - data_loader.py:109 - 读取文件 锅炉2号机组-60秒2025年06月-online.xlsx 页签 23 失败：DataLoader._remove_duplicate_columns() takes 2 positional arguments but 4 were given
2026-03-10 14:59:58 - boiler-draft-helper - ERROR - data_loader.py:109 - 读取文件 锅炉2号机组-60秒2025年08月-online.xlsx 页签 23 失败：DataLoader._remove_duplicate_columns() takes 2 positional arguments but 4 were given
2026-03-10 14:59:58 - boiler-draft-helper - ERROR - data_loader.py:109 - 读取文件 锅炉2号机组-60秒2025年04月-online.xlsx 页签 22 失败：DataLoader._remove_duplicate_columns() takes 2 positional arguments but 4 were given
2026-03-10 14:59:59 - boiler-draft-helper - ERROR - data_loader.py:109 - 读取文件 锅炉2号机组-60秒2025年05月-online.xlsx 页签 23 失败：DataLoader._remove_duplicate_columns() takes 2 positional arguments but 4 were given
2026-03-10 14:59:59 - boiler-draft-helper - ERROR - data_loader.py:109 - 读取文件 锅炉2号机组-60秒2025年10月-online.xlsx 页签 23 失败：DataLoader._remove_duplicate_columns() takes 2 positional arguments but 4 were given
2026-03-10 14:59:59 - boiler-draft-helper - ERROR - data_loader.py:109 - 读取文件 锅炉2号机组-60秒2025年02月-online.xlsx 页签 23 失败：DataLoader._remove_duplicate_columns() takes 2 positional arguments but 4 were given
2026-03-10 14:59:59 - boiler-draft-helper - ERROR - data_loader.py:109 - 读取文件 锅炉2号机组-60秒2025年09月-online.xlsx 页签 23 失败：DataLoader._remove_duplicate_columns() takes 2 positional arguments but 4 were given
2026-03-10 14:59:59 - boiler-draft-helper - ERROR - data_loader.py:109 - 读取文件 锅炉2号机组-60秒2024年12月-online.xlsx 页签 23 失败：DataLoader._remove_duplicate_columns() takes 2 positional arguments but 4 were given
2026-03-10 14:59:59 - boiler-draft-helper - ERROR - data_loader.py:109 - 读取文件 锅炉2号机组-60秒2024年10月-online.xlsx 页签 23 失败：DataLoader._remove_duplicate_columns() takes 2 positional arguments but 4 were given
2026-03-10 14:59:59 - boiler-draft-helper - ERROR - data_loader.py:109 - 读取文件 锅炉2号机组-60秒2025年03月-online.xlsx 页签 23 失败：DataLoader._remove_duplicate_columns() takes 2 positional arguments but 4 were given
2026-03-10 14:59:59 - boiler-draft-helper - ERROR - data_loader.py:109 - 读取文件 锅炉2号机组-60秒2024年11月-online.xlsx 页签 23 失败：DataLoader._remove_duplicate_columns() takes 2 positional arguments but 4 were given
2026-03-10 14:59:59 - boiler-draft-helper - ERROR - data_loader.py:109 - 读取文件 锅炉2号机组-60秒2025年12月-online.xlsx 页签 23 失败：DataLoader._remove_duplicate_columns() takes 2 positional arguments but 4 were given
2026-03-10 14:59:59 - boiler-draft-helper - ERROR - data_loader.py:109 - 读取文件 锅炉2号机组-60秒2025年11月-online.xlsx 页签 23 失败：DataLoader._remove_duplicate_columns() takes 2 positional arguments but 4 were given
2026-03-10 14:59:59 - boiler-draft-helper - ERROR - data_loader.py:109 - 读取文件 锅炉2号机组-60秒2025年07月-online.xlsx 页签 23 失败：DataLoader._remove_duplicate_columns() takes 2 positional arguments but 4 were given
2026-03-10 14:59:59 - boiler-draft-helper - ERROR - data_loader.py:109 - 读取文件 锅炉2号机组-60秒2025年01月-online.xlsx 页签 23 失败：DataLoader._remove_duplicate_columns() takes 2 positional arguments but 4 were given
2026-03-10 14:59:59 - boiler-draft-helper - ERROR - data_loader.py:109 - 读取文件 锅炉2号机组-60秒2025年06月-online.xlsx 页签 24 失败：DataLoader._remove_duplicate_columns() takes 2 positional arguments but 4 were given
2026-03-10 14:59:59 - boiler-draft-helper - ERROR - data_loader.py:109 - 读取文件 锅炉2号机组-60秒2025年08月-online.xlsx 页签 24 失败：DataLoader._remove_duplicate_columns() takes 2 positional arguments but 4 were given
2026-03-10 14:59:59 - boiler-draft-helper - ERROR - data_loader.py:109 - 读取文件 锅炉2号机组-60秒2025年04月-online.xlsx 页签 23 失败：DataLoader._remove_duplicate_columns() takes 2 positional arguments but 4 were given
2026-03-10 14:59:59 - boiler-draft-helper - ERROR - data_loader.py:109 - 读取文件 锅炉2号机组-60秒2025年05月-online.xlsx 页签 24 失败：DataLoader._remove_duplicate_columns() takes 2 positional arguments but 4 were given
2026-03-10 14:59:59 - boiler-draft-helper - ERROR - data_loader.py:109 - 读取文件 锅炉2号机组-60秒2025年02月-online.xlsx 页签 24 失败：DataLoader._remove_duplicate_columns() takes 2 positional arguments but 4 were given
2026-03-10 14:59:59 - boiler-draft-helper - ERROR - data_loader.py:109 - 读取文件 锅炉2号机组-60秒2025年10月-online.xlsx 页签 24 失败：DataLoader._remove_duplicate_columns() takes 2 positional arguments but 4 were given
2026-03-10 14:59:59 - boiler-draft-helper - ERROR - data_loader.py:109 - 读取文件 锅炉2号机组-60秒2025年09月-online.xlsx 页签 24 失败：DataLoader._remove_duplicate_columns() takes 2 positional arguments but 4 were given
2026-03-10 14:59:59 - boiler-draft-helper - ERROR - data_loader.py:109 - 读取文件 锅炉2号机组-60秒2024年12月-online.xlsx 页签 24 失败：DataLoader._remove_duplicate_columns() takes 2 positional arguments but 4 were given
2026-03-10 14:59:59 - boiler-draft-helper - ERROR - data_loader.py:109 - 读取文件 锅炉2号机组-60秒2024年10月-online.xlsx 页签 24 失败：DataLoader._remove_duplicate_columns() takes 2 positional arguments but 4 were given
2026-03-10 14:59:59 - boiler-draft-helper - ERROR - data_loader.py:109 - 读取文件 锅炉2号机组-60秒2025年03月-online.xlsx 页签 24 失败：DataLoader._remove_duplicate_columns() takes 2 positional arguments but 4 were given
2026-03-10 14:59:59 - boiler-draft-helper - ERROR - data_loader.py:109 - 读取文件 锅炉2号机组-60秒2024年11月-online.xlsx 页签 24 失败：DataLoader._remove_duplicate_columns() takes 2 positional arguments but 4 were given
