2026-04-14 00:54:28 - INFO - 加载数据: output/all_data_cleaned.feather
2026-04-14 00:54:29 - INFO - 数据维度: (585939, 52)
2026-04-14 00:54:29 - INFO - 目标变量(Y): 7 维
2026-04-14 00:54:29 - INFO - 控制变量(U): 7 维
2026-04-14 00:54:29 - INFO - 状态变量(X): 38 维
2026-04-14 00:54:29 - INFO - 构建NARX样本（包含未来控制）
2026-04-14 00:54:29 - INFO - 
负压跳变检测（阈值=150.0Pa）:
2026-04-14 00:54:29 - INFO -   检测到跳变点: 8411 个
2026-04-14 00:54:29 - INFO -   受影响时间段: 2012 个
2026-04-14 00:54:29 - INFO -   受影响时间点: 215339 (36.8%)
2026-04-14 01:05:51 - INFO - 
样本过滤统计:
2026-04-14 01:05:51 - INFO -   可能样本总数: 585905
2026-04-14 01:05:51 - INFO -   有效样本数: 310475 (53.0%)
2026-04-14 01:05:51 - INFO -   过滤样本数: 275430 (47.0%)
2026-04-14 01:05:52 - INFO - 
NARX样本构建完成:
2026-04-14 01:05:52 - INFO -   编码器输入: (310475, 30, 52)
2026-04-14 01:05:52 - INFO -   解码器输入: (310475, 5, 7)
2026-04-14 01:05:52 - INFO -   目标输出: (310475, 5, 7)
2026-04-14 01:05:52 - INFO -   已跳过跳变时间段
