2026-04-14 01:05:54 - INFO - NARX-LSTM模型创建完成:
2026-04-14 01:05:54 - INFO -   目标维度: 7, 控制维度: 7, 状态维度: 38
2026-04-14 01:05:54 - INFO -   编码器hidden: 256
2026-04-14 01:05:54 - INFO -   解码器hidden: 256
2026-04-14 01:05:54 - INFO -   预测步数: 5
2026-04-14 01:05:54 - INFO - 训练设备: cuda
2026-04-14 01:05:55 - INFO - 开始NARX-LSTM训练
2026-04-14 01:05:55 - INFO - 最大epochs: 50, 早停patience: 15
2026-04-14 01:06:41 - INFO - Epoch 1/50 - Train Loss: 0.6596, Val Loss: 0.1779
2026-04-14 01:07:22 - INFO - Epoch 2/50 - Train Loss: 0.6501, Val Loss: 0.1791
2026-04-14 01:08:07 - INFO - Epoch 3/50 - Train Loss: 0.6480, Val Loss: 0.1716
2026-04-14 01:08:48 - INFO - Epoch 4/50 - Train Loss: 0.6477, Val Loss: 0.1723
2026-04-14 01:09:32 - INFO - Epoch 5/50 - Train Loss: 0.6448, Val Loss: 0.1758
2026-04-14 01:10:14 - INFO - Epoch 6/50 - Train Loss: 0.6453, Val Loss: 0.1723
2026-04-14 01:10:59 - INFO - Epoch 7/50 - Train Loss: 0.6439, Val Loss: 0.1731
2026-04-14 01:11:41 - INFO - Epoch 8/50 - Train Loss: 0.6442, Val Loss: 0.1670
2026-04-14 01:12:26 - INFO - Epoch 9/50 - Train Loss: 0.6431, Val Loss: 0.1647
2026-04-14 01:13:07 - INFO - Epoch 10/50 - Train Loss: 0.6430, Val Loss: 0.1701
2026-04-14 01:13:53 - INFO - Epoch 11/50 - Train Loss: 0.6417, Val Loss: 0.1714
2026-04-14 01:14:34 - INFO - Epoch 12/50 - Train Loss: 0.6429, Val Loss: 0.1709
2026-04-14 01:15:19 - INFO - Epoch 13/50 - Train Loss: 0.6419, Val Loss: 0.1795
2026-04-14 01:16:01 - INFO - Epoch 14/50 - Train Loss: 0.6422, Val Loss: 0.1703
2026-04-14 01:16:46 - INFO - Epoch 15/50 - Train Loss: 0.6411, Val Loss: 0.1708
